The target system is: Android - 1 - armv7-a
The host system is: Linux - 5.0.0-32-generic - x86_64
Determining if the C compiler works passed with the following output:
Change Dir: /home/hoang/Schreibtisch/MainApp/src/AppName/.buildozer/android/platform/build-armeabi-v7a/build/other_builds/jpeg/armeabi-v7a__ndk_target_21/jpeg/CMakeFiles/CMakeTmp

Run Build Command(s):/usr/bin/make cmTC_cd72c/fast && /usr/bin/make -f CMakeFiles/cmTC_cd72c.dir/build.make CMakeFiles/cmTC_cd72c.dir/build
make[1]: Verzeichnis „/home/hoang/Schreibtisch/MainApp/src/AppName/.buildozer/android/platform/build-armeabi-v7a/build/other_builds/jpeg/armeabi-v7a__ndk_target_21/jpeg/CMakeFiles/CMakeTmp“ wird betreten
Building C object CMakeFiles/cmTC_cd72c.dir/testCCompiler.c.o
/home/hoang/.buildozer/android/platform/android-ndk-r17c/toolchains/llvm/prebuilt/linux-x86_64/bin/clang --target=armv7-none-linux-androideabi --gcc-toolchain=/home/hoang/.buildozer/android/platform/android-ndk-r17c/toolchains/arm-linux-androideabi-4.9/prebuilt/linux-x86_64 --sysroot=/home/hoang/.buildozer/android/platform/android-ndk-r17c/sysroot   -isystem /home/hoang/.buildozer/android/platform/android-ndk-r17c/sysroot/usr/include/arm-linux-androideabi -D__ANDROID_API__=14 -g -DANDROID -ffunction-sections -funwind-tables -fstack-protector-strong -no-canonical-prefixes -march=armv7-a -mfloat-abi=softfp -mfpu=vfpv3-d16 -mthumb -mfpu=neon -Wa,--noexecstack -Wformat -Werror=format-security   -fPIE   -o CMakeFiles/cmTC_cd72c.dir/testCCompiler.c.o   -c /home/hoang/Schreibtisch/MainApp/src/AppName/.buildozer/android/platform/build-armeabi-v7a/build/other_builds/jpeg/armeabi-v7a__ndk_target_21/jpeg/CMakeFiles/CMakeTmp/testCCompiler.c
Linking C executable cmTC_cd72c
/snap/cmake/118/bin/cmake -E cmake_link_script CMakeFiles/cmTC_cd72c.dir/link.txt --verbose=1
/home/hoang/.buildozer/android/platform/android-ndk-r17c/toolchains/llvm/prebuilt/linux-x86_64/bin/clang --target=armv7-none-linux-androideabi --gcc-toolchain=/home/hoang/.buildozer/android/platform/android-ndk-r17c/toolchains/arm-linux-androideabi-4.9/prebuilt/linux-x86_64 --sysroot=/home/hoang/.buildozer/android/platform/android-ndk-r17c/sysroot -isystem /home/hoang/.buildozer/android/platform/android-ndk-r17c/sysroot/usr/include/arm-linux-androideabi -D__ANDROID_API__=14 -g -DANDROID -ffunction-sections -funwind-tables -fstack-protector-strong -no-canonical-prefixes -march=armv7-a -mfloat-abi=softfp -mfpu=vfpv3-d16 -mthumb -mfpu=neon -Wa,--noexecstack -Wformat -Werror=format-security    -Wl,--exclude-libs,libgcc.a -Wl,--exclude-libs,libatomic.a -nostdlib++ --sysroot /home/hoang/.buildozer/android/platform/android-ndk-r17c/platforms/android-14/arch-arm -Wl,--build-id -Wl,--warn-shared-textrel -Wl,--fatal-warnings -Wl,--fix-cortex-a8 -Wl,--exclude-libs,libunwind.a -L/home/hoang/.buildozer/android/platform/android-ndk-r17c/sources/cxx-stl/llvm-libc++/libs/armeabi-v7a -Wl,--no-undefined -Wl,-z,noexecstack -Qunused-arguments -Wl,-z,relro -Wl,-z,now -Wl,--gc-sections -Wl,-z,nocopyreloc   CMakeFiles/cmTC_cd72c.dir/testCCompiler.c.o  -o cmTC_cd72c -latomic -lm 
make[1]: Verzeichnis „/home/hoang/Schreibtisch/MainApp/src/AppName/.buildozer/android/platform/build-armeabi-v7a/build/other_builds/jpeg/armeabi-v7a__ndk_target_21/jpeg/CMakeFiles/CMakeTmp“ wird verlassen



Detecting C compiler ABI info compiled with the following output:
Change Dir: /home/hoang/Schreibtisch/MainApp/src/AppName/.buildozer/android/platform/build-armeabi-v7a/build/other_builds/jpeg/armeabi-v7a__ndk_target_21/jpeg/CMakeFiles/CMakeTmp

Run Build Command(s):/usr/bin/make cmTC_a8a55/fast && /usr/bin/make -f CMakeFiles/cmTC_a8a55.dir/build.make CMakeFiles/cmTC_a8a55.dir/build
make[1]: Entering directory '/home/hoang/Schreibtisch/MainApp/src/AppName/.buildozer/android/platform/build-armeabi-v7a/build/other_builds/jpeg/armeabi-v7a__ndk_target_21/jpeg/CMakeFiles/CMakeTmp'
Building C object CMakeFiles/cmTC_a8a55.dir/CMakeCCompilerABI.c.o
/home/hoang/.buildozer/android/platform/android-ndk-r17c/toolchains/llvm/prebuilt/linux-x86_64/bin/clang --target=armv7-none-linux-androideabi --gcc-toolchain=/home/hoang/.buildozer/android/platform/android-ndk-r17c/toolchains/arm-linux-androideabi-4.9/prebuilt/linux-x86_64 --sysroot=/home/hoang/.buildozer/android/platform/android-ndk-r17c/sysroot   -isystem /home/hoang/.buildozer/android/platform/android-ndk-r17c/sysroot/usr/include/arm-linux-androideabi -D__ANDROID_API__=14 -g -DANDROID -ffunction-sections -funwind-tables -fstack-protector-strong -no-canonical-prefixes -march=armv7-a -mfloat-abi=softfp -mfpu=vfpv3-d16 -mthumb -mfpu=neon -Wa,--noexecstack -Wformat -Werror=format-security   -fPIE   -v -o CMakeFiles/cmTC_a8a55.dir/CMakeCCompilerABI.c.o   -c /snap/cmake/118/share/cmake-3.15/Modules/CMakeCCompilerABI.c
Android (4691093 based on r316199) clang version 6.0.2 (https://android.googlesource.com/toolchain/clang 183abd29fc496f55536e7d904e0abae47888fc7f) (https://android.googlesource.com/toolchain/llvm 34361f192e41ed6e4e8f9aca80a4ea7e9856f327) (based on LLVM 6.0.2svn)
Target: armv7-none-linux-android
Thread model: posix
InstalledDir: /home/hoang/.buildozer/android/platform/android-ndk-r17c/toolchains/llvm/prebuilt/linux-x86_64/bin
Found candidate GCC installation: /home/hoang/.buildozer/android/platform/android-ndk-r17c/toolchains/arm-linux-androideabi-4.9/prebuilt/linux-x86_64/lib/gcc/arm-linux-androideabi/4.9.x
Selected GCC installation: /home/hoang/.buildozer/android/platform/android-ndk-r17c/toolchains/arm-linux-androideabi-4.9/prebuilt/linux-x86_64/lib/gcc/arm-linux-androideabi/4.9.x
Candidate multilib: thumb;@mthumb
Candidate multilib: armv7-a;@march=armv7-a
Candidate multilib: armv7-a/thumb;@march=armv7-a@mthumb
Candidate multilib: .;
Selected multilib: armv7-a/thumb;@march=armv7-a@mthumb
 "/home/hoang/.buildozer/android/platform/android-ndk-r17c/toolchains/llvm/prebuilt/linux-x86_64/bin/clang" -cc1 -triple thumbv7-none-linux-android -emit-obj -mrelax-all -mnoexecstack -disable-free -disable-llvm-verifier -discard-value-names -main-file-name CMakeCCompilerABI.c -mrelocation-model pic -pic-level 2 -pic-is-pie -mthread-model posix -mdisable-fp-elim -fmath-errno -masm-verbose -mconstructor-aliases -munwind-tables -fuse-init-array -target-cpu generic -target-feature +soft-float-abi -target-feature -fp-only-sp -target-feature -d16 -target-feature +vfp3 -target-feature -fp16 -target-feature -vfp4 -target-feature -fp-armv8 -target-feature +neon -target-feature -crypto -target-abi aapcs-linux -mfloat-abi soft -fallow-half-arguments-and-returns -dwarf-column-info -debug-info-kind=limited -dwarf-version=4 -debugger-tuning=gdb -v -ffunction-sections -coverage-notes-file /home/hoang/Schreibtisch/MainApp/src/AppName/.buildozer/android/platform/build-armeabi-v7a/build/other_builds/jpeg/armeabi-v7a__ndk_target_21/jpeg/CMakeFiles/CMakeTmp/CMakeFiles/cmTC_a8a55.dir/CMakeCCompilerABI.c.gcno -resource-dir /home/hoang/.buildozer/android/platform/android-ndk-r17c/toolchains/llvm/prebuilt/linux-x86_64/lib64/clang/6.0.2 -isystem /home/hoang/.buildozer/android/platform/android-ndk-r17c/sysroot/usr/include/arm-linux-androideabi -D __ANDROID_API__=14 -D ANDROID -isysroot /home/hoang/.buildozer/android/platform/android-ndk-r17c/sysroot -internal-isystem /home/hoang/.buildozer/android/platform/android-ndk-r17c/sysroot/usr/local/include -internal-isystem /home/hoang/.buildozer/android/platform/android-ndk-r17c/toolchains/llvm/prebuilt/linux-x86_64/lib64/clang/6.0.2/include -internal-externc-isystem /home/hoang/.buildozer/android/platform/android-ndk-r17c/sysroot/include -internal-externc-isystem /home/hoang/.buildozer/android/platform/android-ndk-r17c/sysroot/usr/include -Wformat -Werror=format-security -fdebug-compilation-dir /home/hoang/Schreibtisch/MainApp/src/AppName/.buildozer/android/platform/build-armeabi-v7a/build/other_builds/jpeg/armeabi-v7a__ndk_target_21/jpeg/CMakeFiles/CMakeTmp -ferror-limit 19 -fmessage-length 0 -femulated-tls -stack-protector 2 -fno-signed-char -fobjc-runtime=gcc -fdiagnostics-show-option -o CMakeFiles/cmTC_a8a55.dir/CMakeCCompilerABI.c.o -x c /snap/cmake/118/share/cmake-3.15/Modules/CMakeCCompilerABI.c
clang -cc1 version 6.0.2 based upon LLVM 6.0.2svn default target x86_64-unknown-linux-gnu
ignoring nonexistent directory "/home/hoang/.buildozer/android/platform/android-ndk-r17c/sysroot/usr/local/include"
ignoring nonexistent directory "/home/hoang/.buildozer/android/platform/android-ndk-r17c/sysroot/include"
#include "..." search starts here:
#include <...> search starts here:
 /home/hoang/.buildozer/android/platform/android-ndk-r17c/sysroot/usr/include/arm-linux-androideabi
 /home/hoang/.buildozer/android/platform/android-ndk-r17c/toolchains/llvm/prebuilt/linux-x86_64/lib64/clang/6.0.2/include
 /home/hoang/.buildozer/android/platform/android-ndk-r17c/sysroot/usr/include
End of search list.
Linking C executable cmTC_a8a55
/snap/cmake/118/bin/cmake -E cmake_link_script CMakeFiles/cmTC_a8a55.dir/link.txt --verbose=1
/home/hoang/.buildozer/android/platform/android-ndk-r17c/toolchains/llvm/prebuilt/linux-x86_64/bin/clang --target=armv7-none-linux-androideabi --gcc-toolchain=/home/hoang/.buildozer/android/platform/android-ndk-r17c/toolchains/arm-linux-androideabi-4.9/prebuilt/linux-x86_64 --sysroot=/home/hoang/.buildozer/android/platform/android-ndk-r17c/sysroot -isystem /home/hoang/.buildozer/android/platform/android-ndk-r17c/sysroot/usr/include/arm-linux-androideabi -D__ANDROID_API__=14 -g -DANDROID -ffunction-sections -funwind-tables -fstack-protector-strong -no-canonical-prefixes -march=armv7-a -mfloat-abi=softfp -mfpu=vfpv3-d16 -mthumb -mfpu=neon -Wa,--noexecstack -Wformat -Werror=format-security    -Wl,--exclude-libs,libgcc.a -Wl,--exclude-libs,libatomic.a -nostdlib++ --sysroot /home/hoang/.buildozer/android/platform/android-ndk-r17c/platforms/android-14/arch-arm -Wl,--build-id -Wl,--warn-shared-textrel -Wl,--fatal-warnings -Wl,--fix-cortex-a8 -Wl,--exclude-libs,libunwind.a -L/home/hoang/.buildozer/android/platform/android-ndk-r17c/sources/cxx-stl/llvm-libc++/libs/armeabi-v7a -Wl,--no-undefined -Wl,-z,noexecstack -Qunused-arguments -Wl,-z,relro -Wl,-z,now -Wl,--gc-sections -Wl,-z,nocopyreloc  -v CMakeFiles/cmTC_a8a55.dir/CMakeCCompilerABI.c.o  -o cmTC_a8a55 
Android (4691093 based on r316199) clang version 6.0.2 (https://android.googlesource.com/toolchain/clang 183abd29fc496f55536e7d904e0abae47888fc7f) (https://android.googlesource.com/toolchain/llvm 34361f192e41ed6e4e8f9aca80a4ea7e9856f327) (based on LLVM 6.0.2svn)
Target: armv7-none-linux-android
Thread model: posix
InstalledDir: /home/hoang/.buildozer/android/platform/android-ndk-r17c/toolchains/llvm/prebuilt/linux-x86_64/bin
Found candidate GCC installation: /home/hoang/.buildozer/android/platform/android-ndk-r17c/toolchains/arm-linux-androideabi-4.9/prebuilt/linux-x86_64/lib/gcc/arm-linux-androideabi/4.9.x
Selected GCC installation: /home/hoang/.buildozer/android/platform/android-ndk-r17c/toolchains/arm-linux-androideabi-4.9/prebuilt/linux-x86_64/lib/gcc/arm-linux-androideabi/4.9.x
Candidate multilib: thumb;@mthumb
Candidate multilib: armv7-a;@march=armv7-a
Candidate multilib: armv7-a/thumb;@march=armv7-a@mthumb
Candidate multilib: .;
Selected multilib: armv7-a/thumb;@march=armv7-a@mthumb
 "/home/hoang/.buildozer/android/platform/android-ndk-r17c/toolchains/arm-linux-androideabi-4.9/prebuilt/linux-x86_64/lib/gcc/arm-linux-androideabi/4.9.x/../../../../arm-linux-androideabi/bin/ld" --sysroot=/home/hoang/.buildozer/android/platform/android-ndk-r17c/platforms/android-14/arch-arm -X --eh-frame-hdr -m armelf_linux_eabi -dynamic-linker /system/bin/linker -o cmTC_a8a55 /home/hoang/.buildozer/android/platform/android-ndk-r17c/platforms/android-14/arch-arm/usr/lib/../lib/crtbegin_dynamic.o -L/home/hoang/.buildozer/android/platform/android-ndk-r17c/sources/cxx-stl/llvm-libc++/libs/armeabi-v7a -L/home/hoang/.buildozer/android/platform/android-ndk-r17c/toolchains/llvm/prebuilt/linux-x86_64/lib64/clang/6.0.2/lib/linux/arm -L/home/hoang/.buildozer/android/platform/android-ndk-r17c/toolchains/arm-linux-androideabi-4.9/prebuilt/linux-x86_64/lib/gcc/arm-linux-androideabi/4.9.x/armv7-a/thumb -L/home/hoang/.buildozer/android/platform/android-ndk-r17c/toolchains/arm-linux-androideabi-4.9/prebuilt/linux-x86_64/lib/gcc/arm-linux-androideabi/4.9.x/../../../../arm-linux-androideabi/lib/../lib/armv7-a/thumb -L/home/hoang/.buildozer/android/platform/android-ndk-r17c/platforms/android-14/arch-arm/usr/lib/../lib -L/home/hoang/.buildozer/android/platform/android-ndk-r17c/toolchains/arm-linux-androideabi-4.9/prebuilt/linux-x86_64/lib/gcc/arm-linux-androideabi/4.9.x/../../../../arm-linux-androideabi/lib/armv7-a/thumb -L/home/hoang/.buildozer/android/platform/android-ndk-r17c/platforms/android-14/arch-arm/usr/lib --exclude-libs libgcc.a --exclude-libs libatomic.a --build-id --warn-shared-textrel --fatal-warnings --fix-cortex-a8 --exclude-libs libunwind.a --no-undefined -z noexecstack -z relro -z now --gc-sections -z nocopyreloc CMakeFiles/cmTC_a8a55.dir/CMakeCCompilerABI.c.o -lgcc -ldl -lc -lgcc -ldl /home/hoang/.buildozer/android/platform/android-ndk-r17c/platforms/android-14/arch-arm/usr/lib/../lib/crtend_android.o
make[1]: Leaving directory '/home/hoang/Schreibtisch/MainApp/src/AppName/.buildozer/android/platform/build-armeabi-v7a/build/other_builds/jpeg/armeabi-v7a__ndk_target_21/jpeg/CMakeFiles/CMakeTmp'



Parsed C implicit include dir info from above output: rv=done
  found start of include info
  found start of implicit include info
    add: [/home/hoang/.buildozer/android/platform/android-ndk-r17c/sysroot/usr/include/arm-linux-androideabi]
    add: [/home/hoang/.buildozer/android/platform/android-ndk-r17c/toolchains/llvm/prebuilt/linux-x86_64/lib64/clang/6.0.2/include]
    add: [/home/hoang/.buildozer/android/platform/android-ndk-r17c/sysroot/usr/include]
  end of search list found
  collapse include dir [/home/hoang/.buildozer/android/platform/android-ndk-r17c/sysroot/usr/include/arm-linux-androideabi] ==> [/home/hoang/.buildozer/android/platform/android-ndk-r17c/sysroot/usr/include/arm-linux-androideabi]
  collapse include dir [/home/hoang/.buildozer/android/platform/android-ndk-r17c/toolchains/llvm/prebuilt/linux-x86_64/lib64/clang/6.0.2/include] ==> [/home/hoang/.buildozer/android/platform/android-ndk-r17c/toolchains/llvm/prebuilt/linux-x86_64/lib64/clang/6.0.2/include]
  collapse include dir [/home/hoang/.buildozer/android/platform/android-ndk-r17c/sysroot/usr/include] ==> [/home/hoang/.buildozer/android/platform/android-ndk-r17c/sysroot/usr/include]
  implicit include dirs: [/home/hoang/.buildozer/android/platform/android-ndk-r17c/sysroot/usr/include/arm-linux-androideabi;/home/hoang/.buildozer/android/platform/android-ndk-r17c/toolchains/llvm/prebuilt/linux-x86_64/lib64/clang/6.0.2/include;/home/hoang/.buildozer/android/platform/android-ndk-r17c/sysroot/usr/include]


Parsed C implicit link information from above output:
  link line regex: [^( *|.*[/\])(arm-linux-androideabi-ld|CMAKE_LINK_STARTFILE-NOTFOUND|([^/\]+-)?ld|collect2)[^/\]*( |$)]
  ignore line: [Change Dir: /home/hoang/Schreibtisch/MainApp/src/AppName/.buildozer/android/platform/build-armeabi-v7a/build/other_builds/jpeg/armeabi-v7a__ndk_target_21/jpeg/CMakeFiles/CMakeTmp]
  ignore line: []
  ignore line: [Run Build Command(s):/usr/bin/make cmTC_a8a55/fast && /usr/bin/make -f CMakeFiles/cmTC_a8a55.dir/build.make CMakeFiles/cmTC_a8a55.dir/build]
  ignore line: [make[1]: Entering directory '/home/hoang/Schreibtisch/MainApp/src/AppName/.buildozer/android/platform/build-armeabi-v7a/build/other_builds/jpeg/armeabi-v7a__ndk_target_21/jpeg/CMakeFiles/CMakeTmp']
  ignore line: [Building C object CMakeFiles/cmTC_a8a55.dir/CMakeCCompilerABI.c.o]
  ignore line: [/home/hoang/.buildozer/android/platform/android-ndk-r17c/toolchains/llvm/prebuilt/linux-x86_64/bin/clang --target=armv7-none-linux-androideabi --gcc-toolchain=/home/hoang/.buildozer/android/platform/android-ndk-r17c/toolchains/arm-linux-androideabi-4.9/prebuilt/linux-x86_64 --sysroot=/home/hoang/.buildozer/android/platform/android-ndk-r17c/sysroot   -isystem /home/hoang/.buildozer/android/platform/android-ndk-r17c/sysroot/usr/include/arm-linux-androideabi -D__ANDROID_API__=14 -g -DANDROID -ffunction-sections -funwind-tables -fstack-protector-strong -no-canonical-prefixes -march=armv7-a -mfloat-abi=softfp -mfpu=vfpv3-d16 -mthumb -mfpu=neon -Wa,--noexecstack -Wformat -Werror=format-security   -fPIE   -v -o CMakeFiles/cmTC_a8a55.dir/CMakeCCompilerABI.c.o   -c /snap/cmake/118/share/cmake-3.15/Modules/CMakeCCompilerABI.c]
  ignore line: [Android (4691093 based on r316199) clang version 6.0.2 (https://android.googlesource.com/toolchain/clang 183abd29fc496f55536e7d904e0abae47888fc7f) (https://android.googlesource.com/toolchain/llvm 34361f192e41ed6e4e8f9aca80a4ea7e9856f327) (based on LLVM 6.0.2svn)]
  ignore line: [Target: armv7-none-linux-android]
  ignore line: [Thread model: posix]
  ignore line: [InstalledDir: /home/hoang/.buildozer/android/platform/android-ndk-r17c/toolchains/llvm/prebuilt/linux-x86_64/bin]
  ignore line: [Found candidate GCC installation: /home/hoang/.buildozer/android/platform/android-ndk-r17c/toolchains/arm-linux-androideabi-4.9/prebuilt/linux-x86_64/lib/gcc/arm-linux-androideabi/4.9.x]
  ignore line: [Selected GCC installation: /home/hoang/.buildozer/android/platform/android-ndk-r17c/toolchains/arm-linux-androideabi-4.9/prebuilt/linux-x86_64/lib/gcc/arm-linux-androideabi/4.9.x]
  ignore line: [Candidate multilib: thumb]
  ignore line: [@mthumb]
  ignore line: [Candidate multilib: armv7-a]
  ignore line: [@march=armv7-a]
  ignore line: [Candidate multilib: armv7-a/thumb]
  ignore line: [@march=armv7-a@mthumb]
  ignore line: [Candidate multilib: .]
  ignore line: []
  ignore line: [Selected multilib: armv7-a/thumb]
  ignore line: [@march=armv7-a@mthumb]
  ignore line: [ "/home/hoang/.buildozer/android/platform/android-ndk-r17c/toolchains/llvm/prebuilt/linux-x86_64/bin/clang" -cc1 -triple thumbv7-none-linux-android -emit-obj -mrelax-all -mnoexecstack -disable-free -disable-llvm-verifier -discard-value-names -main-file-name CMakeCCompilerABI.c -mrelocation-model pic -pic-level 2 -pic-is-pie -mthread-model posix -mdisable-fp-elim -fmath-errno -masm-verbose -mconstructor-aliases -munwind-tables -fuse-init-array -target-cpu generic -target-feature +soft-float-abi -target-feature -fp-only-sp -target-feature -d16 -target-feature +vfp3 -target-feature -fp16 -target-feature -vfp4 -target-feature -fp-armv8 -target-feature +neon -target-feature -crypto -target-abi aapcs-linux -mfloat-abi soft -fallow-half-arguments-and-returns -dwarf-column-info -debug-info-kind=limited -dwarf-version=4 -debugger-tuning=gdb -v -ffunction-sections -coverage-notes-file /home/hoang/Schreibtisch/MainApp/src/AppName/.buildozer/android/platform/build-armeabi-v7a/build/other_builds/jpeg/armeabi-v7a__ndk_target_21/jpeg/CMakeFiles/CMakeTmp/CMakeFiles/cmTC_a8a55.dir/CMakeCCompilerABI.c.gcno -resource-dir /home/hoang/.buildozer/android/platform/android-ndk-r17c/toolchains/llvm/prebuilt/linux-x86_64/lib64/clang/6.0.2 -isystem /home/hoang/.buildozer/android/platform/android-ndk-r17c/sysroot/usr/include/arm-linux-androideabi -D __ANDROID_API__=14 -D ANDROID -isysroot /home/hoang/.buildozer/android/platform/android-ndk-r17c/sysroot -internal-isystem /home/hoang/.buildozer/android/platform/android-ndk-r17c/sysroot/usr/local/include -internal-isystem /home/hoang/.buildozer/android/platform/android-ndk-r17c/toolchains/llvm/prebuilt/linux-x86_64/lib64/clang/6.0.2/include -internal-externc-isystem /home/hoang/.buildozer/android/platform/android-ndk-r17c/sysroot/include -internal-externc-isystem /home/hoang/.buildozer/android/platform/android-ndk-r17c/sysroot/usr/include -Wformat -Werror=format-security -fdebug-compilation-dir /home/hoang/Schreibtisch/MainApp/src/AppName/.buildozer/android/platform/build-armeabi-v7a/build/other_builds/jpeg/armeabi-v7a__ndk_target_21/jpeg/CMakeFiles/CMakeTmp -ferror-limit 19 -fmessage-length 0 -femulated-tls -stack-protector 2 -fno-signed-char -fobjc-runtime=gcc -fdiagnostics-show-option -o CMakeFiles/cmTC_a8a55.dir/CMakeCCompilerABI.c.o -x c /snap/cmake/118/share/cmake-3.15/Modules/CMakeCCompilerABI.c]
  ignore line: [clang -cc1 version 6.0.2 based upon LLVM 6.0.2svn default target x86_64-unknown-linux-gnu]
  ignore line: [ignoring nonexistent directory "/home/hoang/.buildozer/android/platform/android-ndk-r17c/sysroot/usr/local/include"]
  ignore line: [ignoring nonexistent directory "/home/hoang/.buildozer/android/platform/android-ndk-r17c/sysroot/include"]
  ignore line: [#include "..." search starts here:]
  ignore line: [#include <...> search starts here:]
  ignore line: [ /home/hoang/.buildozer/android/platform/android-ndk-r17c/sysroot/usr/include/arm-linux-androideabi]
  ignore line: [ /home/hoang/.buildozer/android/platform/android-ndk-r17c/toolchains/llvm/prebuilt/linux-x86_64/lib64/clang/6.0.2/include]
  ignore line: [ /home/hoang/.buildozer/android/platform/android-ndk-r17c/sysroot/usr/include]
  ignore line: [End of search list.]
  ignore line: [Linking C executable cmTC_a8a55]
  ignore line: [/snap/cmake/118/bin/cmake -E cmake_link_script CMakeFiles/cmTC_a8a55.dir/link.txt --verbose=1]
  ignore line: [/home/hoang/.buildozer/android/platform/android-ndk-r17c/toolchains/llvm/prebuilt/linux-x86_64/bin/clang --target=armv7-none-linux-androideabi --gcc-toolchain=/home/hoang/.buildozer/android/platform/android-ndk-r17c/toolchains/arm-linux-androideabi-4.9/prebuilt/linux-x86_64 --sysroot=/home/hoang/.buildozer/android/platform/android-ndk-r17c/sysroot -isystem /home/hoang/.buildozer/android/platform/android-ndk-r17c/sysroot/usr/include/arm-linux-androideabi -D__ANDROID_API__=14 -g -DANDROID -ffunction-sections -funwind-tables -fstack-protector-strong -no-canonical-prefixes -march=armv7-a -mfloat-abi=softfp -mfpu=vfpv3-d16 -mthumb -mfpu=neon -Wa,--noexecstack -Wformat -Werror=format-security    -Wl,--exclude-libs,libgcc.a -Wl,--exclude-libs,libatomic.a -nostdlib++ --sysroot /home/hoang/.buildozer/android/platform/android-ndk-r17c/platforms/android-14/arch-arm -Wl,--build-id -Wl,--warn-shared-textrel -Wl,--fatal-warnings -Wl,--fix-cortex-a8 -Wl,--exclude-libs,libunwind.a -L/home/hoang/.buildozer/android/platform/android-ndk-r17c/sources/cxx-stl/llvm-libc++/libs/armeabi-v7a -Wl,--no-undefined -Wl,-z,noexecstack -Qunused-arguments -Wl,-z,relro -Wl,-z,now -Wl,--gc-sections -Wl,-z,nocopyreloc  -v CMakeFiles/cmTC_a8a55.dir/CMakeCCompilerABI.c.o  -o cmTC_a8a55 ]
  ignore line: [Android (4691093 based on r316199) clang version 6.0.2 (https://android.googlesource.com/toolchain/clang 183abd29fc496f55536e7d904e0abae47888fc7f) (https://android.googlesource.com/toolchain/llvm 34361f192e41ed6e4e8f9aca80a4ea7e9856f327) (based on LLVM 6.0.2svn)]
  ignore line: [Target: armv7-none-linux-android]
  ignore line: [Thread model: posix]
  ignore line: [InstalledDir: /home/hoang/.buildozer/android/platform/android-ndk-r17c/toolchains/llvm/prebuilt/linux-x86_64/bin]
  ignore line: [Found candidate GCC installation: /home/hoang/.buildozer/android/platform/android-ndk-r17c/toolchains/arm-linux-androideabi-4.9/prebuilt/linux-x86_64/lib/gcc/arm-linux-androideabi/4.9.x]
  ignore line: [Selected GCC installation: /home/hoang/.buildozer/android/platform/android-ndk-r17c/toolchains/arm-linux-androideabi-4.9/prebuilt/linux-x86_64/lib/gcc/arm-linux-androideabi/4.9.x]
  ignore line: [Candidate multilib: thumb]
  ignore line: [@mthumb]
  ignore line: [Candidate multilib: armv7-a]
  ignore line: [@march=armv7-a]
  ignore line: [Candidate multilib: armv7-a/thumb]
  ignore line: [@march=armv7-a@mthumb]
  ignore line: [Candidate multilib: .]
  ignore line: []
  ignore line: [Selected multilib: armv7-a/thumb]
  ignore line: [@march=armv7-a@mthumb]
  link line: [ "/home/hoang/.buildozer/android/platform/android-ndk-r17c/toolchains/arm-linux-androideabi-4.9/prebuilt/linux-x86_64/lib/gcc/arm-linux-androideabi/4.9.x/../../../../arm-linux-androideabi/bin/ld" --sysroot=/home/hoang/.buildozer/android/platform/android-ndk-r17c/platforms/android-14/arch-arm -X --eh-frame-hdr -m armelf_linux_eabi -dynamic-linker /system/bin/linker -o cmTC_a8a55 /home/hoang/.buildozer/android/platform/android-ndk-r17c/platforms/android-14/arch-arm/usr/lib/../lib/crtbegin_dynamic.o -L/home/hoang/.buildozer/android/platform/android-ndk-r17c/sources/cxx-stl/llvm-libc++/libs/armeabi-v7a -L/home/hoang/.buildozer/android/platform/android-ndk-r17c/toolchains/llvm/prebuilt/linux-x86_64/lib64/clang/6.0.2/lib/linux/arm -L/home/hoang/.buildozer/android/platform/android-ndk-r17c/toolchains/arm-linux-androideabi-4.9/prebuilt/linux-x86_64/lib/gcc/arm-linux-androideabi/4.9.x/armv7-a/thumb -L/home/hoang/.buildozer/android/platform/android-ndk-r17c/toolchains/arm-linux-androideabi-4.9/prebuilt/linux-x86_64/lib/gcc/arm-linux-androideabi/4.9.x/../../../../arm-linux-androideabi/lib/../lib/armv7-a/thumb -L/home/hoang/.buildozer/android/platform/android-ndk-r17c/platforms/android-14/arch-arm/usr/lib/../lib -L/home/hoang/.buildozer/android/platform/android-ndk-r17c/toolchains/arm-linux-androideabi-4.9/prebuilt/linux-x86_64/lib/gcc/arm-linux-androideabi/4.9.x/../../../../arm-linux-androideabi/lib/armv7-a/thumb -L/home/hoang/.buildozer/android/platform/android-ndk-r17c/platforms/android-14/arch-arm/usr/lib --exclude-libs libgcc.a --exclude-libs libatomic.a --build-id --warn-shared-textrel --fatal-warnings --fix-cortex-a8 --exclude-libs libunwind.a --no-undefined -z noexecstack -z relro -z now --gc-sections -z nocopyreloc CMakeFiles/cmTC_a8a55.dir/CMakeCCompilerABI.c.o -lgcc -ldl -lc -lgcc -ldl /home/hoang/.buildozer/android/platform/android-ndk-r17c/platforms/android-14/arch-arm/usr/lib/../lib/crtend_android.o]
    arg [/home/hoang/.buildozer/android/platform/android-ndk-r17c/toolchains/arm-linux-androideabi-4.9/prebuilt/linux-x86_64/lib/gcc/arm-linux-androideabi/4.9.x/../../../../arm-linux-androideabi/bin/ld] ==> ignore
    arg [--sysroot=/home/hoang/.buildozer/android/platform/android-ndk-r17c/platforms/android-14/arch-arm] ==> ignore
    arg [-X] ==> ignore
    arg [--eh-frame-hdr] ==> ignore
    arg [-m] ==> ignore
    arg [armelf_linux_eabi] ==> ignore
    arg [-dynamic-linker] ==> ignore
    arg [/system/bin/linker] ==> ignore
    arg [-o] ==> ignore
    arg [cmTC_a8a55] ==> ignore
    arg [/home/hoang/.buildozer/android/platform/android-ndk-r17c/platforms/android-14/arch-arm/usr/lib/../lib/crtbegin_dynamic.o] ==> ignore
    arg [-L/home/hoang/.buildozer/android/platform/android-ndk-r17c/sources/cxx-stl/llvm-libc++/libs/armeabi-v7a] ==> dir [/home/hoang/.buildozer/android/platform/android-ndk-r17c/sources/cxx-stl/llvm-libc++/libs/armeabi-v7a]
    arg [-L/home/hoang/.buildozer/android/platform/android-ndk-r17c/toolchains/llvm/prebuilt/linux-x86_64/lib64/clang/6.0.2/lib/linux/arm] ==> dir [/home/hoang/.buildozer/android/platform/android-ndk-r17c/toolchains/llvm/prebuilt/linux-x86_64/lib64/clang/6.0.2/lib/linux/arm]
    arg [-L/home/hoang/.buildozer/android/platform/android-ndk-r17c/toolchains/arm-linux-androideabi-4.9/prebuilt/linux-x86_64/lib/gcc/arm-linux-androideabi/4.9.x/armv7-a/thumb] ==> dir [/home/hoang/.buildozer/android/platform/android-ndk-r17c/toolchains/arm-linux-androideabi-4.9/prebuilt/linux-x86_64/lib/gcc/arm-linux-androideabi/4.9.x/armv7-a/thumb]
    arg [-L/home/hoang/.buildozer/android/platform/android-ndk-r17c/toolchains/arm-linux-androideabi-4.9/prebuilt/linux-x86_64/lib/gcc/arm-linux-androideabi/4.9.x/../../../../arm-linux-androideabi/lib/../lib/armv7-a/thumb] ==> dir [/home/hoang/.buildozer/android/platform/android-ndk-r17c/toolchains/arm-linux-androideabi-4.9/prebuilt/linux-x86_64/lib/gcc/arm-linux-androideabi/4.9.x/../../../../arm-linux-androideabi/lib/../lib/armv7-a/thumb]
    arg [-L/home/hoang/.buildozer/android/platform/android-ndk-r17c/platforms/android-14/arch-arm/usr/lib/../lib] ==> dir [/home/hoang/.buildozer/android/platform/android-ndk-r17c/platforms/android-14/arch-arm/usr/lib/../lib]
    arg [-L/home/hoang/.buildozer/android/platform/android-ndk-r17c/toolchains/arm-linux-androideabi-4.9/prebuilt/linux-x86_64/lib/gcc/arm-linux-androideabi/4.9.x/../../../../arm-linux-androideabi/lib/armv7-a/thumb] ==> dir [/home/hoang/.buildozer/android/platform/android-ndk-r17c/toolchains/arm-linux-androideabi-4.9/prebuilt/linux-x86_64/lib/gcc/arm-linux-androideabi/4.9.x/../../../../arm-linux-androideabi/lib/armv7-a/thumb]
    arg [-L/home/hoang/.buildozer/android/platform/android-ndk-r17c/platforms/android-14/arch-arm/usr/lib] ==> dir [/home/hoang/.buildozer/android/platform/android-ndk-r17c/platforms/android-14/arch-arm/usr/lib]
    arg [--exclude-libs] ==> ignore
    arg [libgcc.a] ==> ignore
    arg [--exclude-libs] ==> ignore
    arg [libatomic.a] ==> ignore
    arg [--build-id] ==> ignore
    arg [--warn-shared-textrel] ==> ignore
    arg [--fatal-warnings] ==> ignore
    arg [--fix-cortex-a8] ==> ignore
    arg [--exclude-libs] ==> ignore
    arg [libunwind.a] ==> ignore
    arg [--no-undefined] ==> ignore
    arg [-znoexecstack] ==> ignore
    arg [-zrelro] ==> ignore
    arg [-znow] ==> ignore
    arg [--gc-sections] ==> ignore
    arg [-znocopyreloc] ==> ignore
    arg [CMakeFiles/cmTC_a8a55.dir/CMakeCCompilerABI.c.o] ==> ignore
    arg [-lgcc] ==> lib [gcc]
    arg [-ldl] ==> lib [dl]
    arg [-lc] ==> lib [c]
    arg [-lgcc] ==> lib [gcc]
    arg [-ldl] ==> lib [dl]
    arg [/home/hoang/.buildozer/android/platform/android-ndk-r17c/platforms/android-14/arch-arm/usr/lib/../lib/crtend_android.o] ==> ignore
  collapse library dir [/home/hoang/.buildozer/android/platform/android-ndk-r17c/sources/cxx-stl/llvm-libc++/libs/armeabi-v7a] ==> [/home/hoang/.buildozer/android/platform/android-ndk-r17c/sources/cxx-stl/llvm-libc++/libs/armeabi-v7a]
  collapse library dir [/home/hoang/.buildozer/android/platform/android-ndk-r17c/toolchains/llvm/prebuilt/linux-x86_64/lib64/clang/6.0.2/lib/linux/arm] ==> [/home/hoang/.buildozer/android/platform/android-ndk-r17c/toolchains/llvm/prebuilt/linux-x86_64/lib64/clang/6.0.2/lib/linux/arm]
  collapse library dir [/home/hoang/.buildozer/android/platform/android-ndk-r17c/toolchains/arm-linux-androideabi-4.9/prebuilt/linux-x86_64/lib/gcc/arm-linux-androideabi/4.9.x/armv7-a/thumb] ==> [/home/hoang/.buildozer/android/platform/android-ndk-r17c/toolchains/arm-linux-androideabi-4.9/prebuilt/linux-x86_64/lib/gcc/arm-linux-androideabi/4.9.x/armv7-a/thumb]
  collapse library dir [/home/hoang/.buildozer/android/platform/android-ndk-r17c/toolchains/arm-linux-androideabi-4.9/prebuilt/linux-x86_64/lib/gcc/arm-linux-androideabi/4.9.x/../../../../arm-linux-androideabi/lib/../lib/armv7-a/thumb] ==> [/home/hoang/.buildozer/android/platform/android-ndk-r17c/toolchains/arm-linux-androideabi-4.9/prebuilt/linux-x86_64/arm-linux-androideabi/lib/armv7-a/thumb]
  collapse library dir [/home/hoang/.buildozer/android/platform/android-ndk-r17c/platforms/android-14/arch-arm/usr/lib/../lib] ==> [/home/hoang/.buildozer/android/platform/android-ndk-r17c/platforms/android-14/arch-arm/usr/lib]
  collapse library dir [/home/hoang/.buildozer/android/platform/android-ndk-r17c/toolchains/arm-linux-androideabi-4.9/prebuilt/linux-x86_64/lib/gcc/arm-linux-androideabi/4.9.x/../../../../arm-linux-androideabi/lib/armv7-a/thumb] ==> [/home/hoang/.buildozer/android/platform/android-ndk-r17c/toolchains/arm-linux-androideabi-4.9/prebuilt/linux-x86_64/arm-linux-androideabi/lib/armv7-a/thumb]
  collapse library dir [/home/hoang/.buildozer/android/platform/android-ndk-r17c/platforms/android-14/arch-arm/usr/lib] ==> [/home/hoang/.buildozer/android/platform/android-ndk-r17c/platforms/android-14/arch-arm/usr/lib]
  implicit libs: [gcc;dl;c;gcc;dl]
  implicit dirs: [/home/hoang/.buildozer/android/platform/android-ndk-r17c/sources/cxx-stl/llvm-libc++/libs/armeabi-v7a;/home/hoang/.buildozer/android/platform/android-ndk-r17c/toolchains/llvm/prebuilt/linux-x86_64/lib64/clang/6.0.2/lib/linux/arm;/home/hoang/.buildozer/android/platform/android-ndk-r17c/toolchains/arm-linux-androideabi-4.9/prebuilt/linux-x86_64/lib/gcc/arm-linux-androideabi/4.9.x/armv7-a/thumb;/home/hoang/.buildozer/android/platform/android-ndk-r17c/toolchains/arm-linux-androideabi-4.9/prebuilt/linux-x86_64/arm-linux-androideabi/lib/armv7-a/thumb;/home/hoang/.buildozer/android/platform/android-ndk-r17c/platforms/android-14/arch-arm/usr/lib]
  implicit fwks: []


Determining if the include file sys/types.h exists passed with the following output:
Change Dir: /home/hoang/Schreibtisch/MainApp/src/AppName/.buildozer/android/platform/build-armeabi-v7a/build/other_builds/jpeg/armeabi-v7a__ndk_target_21/jpeg/CMakeFiles/CMakeTmp

Run Build Command(s):/usr/bin/make cmTC_a4c05/fast && /usr/bin/make -f CMakeFiles/cmTC_a4c05.dir/build.make CMakeFiles/cmTC_a4c05.dir/build
make[1]: Verzeichnis „/home/hoang/Schreibtisch/MainApp/src/AppName/.buildozer/android/platform/build-armeabi-v7a/build/other_builds/jpeg/armeabi-v7a__ndk_target_21/jpeg/CMakeFiles/CMakeTmp“ wird betreten
Building C object CMakeFiles/cmTC_a4c05.dir/CheckIncludeFile.c.o
/home/hoang/.buildozer/android/platform/android-ndk-r17c/toolchains/llvm/prebuilt/linux-x86_64/bin/clang --target=armv7-none-linux-androideabi --gcc-toolchain=/home/hoang/.buildozer/android/platform/android-ndk-r17c/toolchains/arm-linux-androideabi-4.9/prebuilt/linux-x86_64 --sysroot=/home/hoang/.buildozer/android/platform/android-ndk-r17c/sysroot   -isystem /home/hoang/.buildozer/android/platform/android-ndk-r17c/sysroot/usr/include/arm-linux-androideabi -D__ANDROID_API__=14 -g -DANDROID -ffunction-sections -funwind-tables -fstack-protector-strong -no-canonical-prefixes -march=armv7-a -mfloat-abi=softfp -mfpu=vfpv3-d16 -mthumb -mfpu=neon -Wa,--noexecstack -Wformat -Werror=format-security   -fPIE   -o CMakeFiles/cmTC_a4c05.dir/CheckIncludeFile.c.o   -c /home/hoang/Schreibtisch/MainApp/src/AppName/.buildozer/android/platform/build-armeabi-v7a/build/other_builds/jpeg/armeabi-v7a__ndk_target_21/jpeg/CMakeFiles/CMakeTmp/CheckIncludeFile.c
Linking C executable cmTC_a4c05
/snap/cmake/118/bin/cmake -E cmake_link_script CMakeFiles/cmTC_a4c05.dir/link.txt --verbose=1
/home/hoang/.buildozer/android/platform/android-ndk-r17c/toolchains/llvm/prebuilt/linux-x86_64/bin/clang --target=armv7-none-linux-androideabi --gcc-toolchain=/home/hoang/.buildozer/android/platform/android-ndk-r17c/toolchains/arm-linux-androideabi-4.9/prebuilt/linux-x86_64 --sysroot=/home/hoang/.buildozer/android/platform/android-ndk-r17c/sysroot -isystem /home/hoang/.buildozer/android/platform/android-ndk-r17c/sysroot/usr/include/arm-linux-androideabi -D__ANDROID_API__=14 -g -DANDROID -ffunction-sections -funwind-tables -fstack-protector-strong -no-canonical-prefixes -march=armv7-a -mfloat-abi=softfp -mfpu=vfpv3-d16 -mthumb -mfpu=neon -Wa,--noexecstack -Wformat -Werror=format-security    -Wl,--exclude-libs,libgcc.a -Wl,--exclude-libs,libatomic.a -nostdlib++ --sysroot /home/hoang/.buildozer/android/platform/android-ndk-r17c/platforms/android-14/arch-arm -Wl,--build-id -Wl,--warn-shared-textrel -Wl,--fatal-warnings -Wl,--fix-cortex-a8 -Wl,--exclude-libs,libunwind.a -L/home/hoang/.buildozer/android/platform/android-ndk-r17c/sources/cxx-stl/llvm-libc++/libs/armeabi-v7a -Wl,--no-undefined -Wl,-z,noexecstack -Qunused-arguments -Wl,-z,relro -Wl,-z,now -Wl,--gc-sections -Wl,-z,nocopyreloc   CMakeFiles/cmTC_a4c05.dir/CheckIncludeFile.c.o  -o cmTC_a4c05 -latomic -lm 
make[1]: Verzeichnis „/home/hoang/Schreibtisch/MainApp/src/AppName/.buildozer/android/platform/build-armeabi-v7a/build/other_builds/jpeg/armeabi-v7a__ndk_target_21/jpeg/CMakeFiles/CMakeTmp“ wird verlassen



Determining if the include file stdint.h exists passed with the following output:
Change Dir: /home/hoang/Schreibtisch/MainApp/src/AppName/.buildozer/android/platform/build-armeabi-v7a/build/other_builds/jpeg/armeabi-v7a__ndk_target_21/jpeg/CMakeFiles/CMakeTmp

Run Build Command(s):/usr/bin/make cmTC_93b2c/fast && /usr/bin/make -f CMakeFiles/cmTC_93b2c.dir/build.make CMakeFiles/cmTC_93b2c.dir/build
make[1]: Verzeichnis „/home/hoang/Schreibtisch/MainApp/src/AppName/.buildozer/android/platform/build-armeabi-v7a/build/other_builds/jpeg/armeabi-v7a__ndk_target_21/jpeg/CMakeFiles/CMakeTmp“ wird betreten
Building C object CMakeFiles/cmTC_93b2c.dir/CheckIncludeFile.c.o
/home/hoang/.buildozer/android/platform/android-ndk-r17c/toolchains/llvm/prebuilt/linux-x86_64/bin/clang --target=armv7-none-linux-androideabi --gcc-toolchain=/home/hoang/.buildozer/android/platform/android-ndk-r17c/toolchains/arm-linux-androideabi-4.9/prebuilt/linux-x86_64 --sysroot=/home/hoang/.buildozer/android/platform/android-ndk-r17c/sysroot   -isystem /home/hoang/.buildozer/android/platform/android-ndk-r17c/sysroot/usr/include/arm-linux-androideabi -D__ANDROID_API__=14 -g -DANDROID -ffunction-sections -funwind-tables -fstack-protector-strong -no-canonical-prefixes -march=armv7-a -mfloat-abi=softfp -mfpu=vfpv3-d16 -mthumb -mfpu=neon -Wa,--noexecstack -Wformat -Werror=format-security   -fPIE   -o CMakeFiles/cmTC_93b2c.dir/CheckIncludeFile.c.o   -c /home/hoang/Schreibtisch/MainApp/src/AppName/.buildozer/android/platform/build-armeabi-v7a/build/other_builds/jpeg/armeabi-v7a__ndk_target_21/jpeg/CMakeFiles/CMakeTmp/CheckIncludeFile.c
Linking C executable cmTC_93b2c
/snap/cmake/118/bin/cmake -E cmake_link_script CMakeFiles/cmTC_93b2c.dir/link.txt --verbose=1
/home/hoang/.buildozer/android/platform/android-ndk-r17c/toolchains/llvm/prebuilt/linux-x86_64/bin/clang --target=armv7-none-linux-androideabi --gcc-toolchain=/home/hoang/.buildozer/android/platform/android-ndk-r17c/toolchains/arm-linux-androideabi-4.9/prebuilt/linux-x86_64 --sysroot=/home/hoang/.buildozer/android/platform/android-ndk-r17c/sysroot -isystem /home/hoang/.buildozer/android/platform/android-ndk-r17c/sysroot/usr/include/arm-linux-androideabi -D__ANDROID_API__=14 -g -DANDROID -ffunction-sections -funwind-tables -fstack-protector-strong -no-canonical-prefixes -march=armv7-a -mfloat-abi=softfp -mfpu=vfpv3-d16 -mthumb -mfpu=neon -Wa,--noexecstack -Wformat -Werror=format-security    -Wl,--exclude-libs,libgcc.a -Wl,--exclude-libs,libatomic.a -nostdlib++ --sysroot /home/hoang/.buildozer/android/platform/android-ndk-r17c/platforms/android-14/arch-arm -Wl,--build-id -Wl,--warn-shared-textrel -Wl,--fatal-warnings -Wl,--fix-cortex-a8 -Wl,--exclude-libs,libunwind.a -L/home/hoang/.buildozer/android/platform/android-ndk-r17c/sources/cxx-stl/llvm-libc++/libs/armeabi-v7a -Wl,--no-undefined -Wl,-z,noexecstack -Qunused-arguments -Wl,-z,relro -Wl,-z,now -Wl,--gc-sections -Wl,-z,nocopyreloc   CMakeFiles/cmTC_93b2c.dir/CheckIncludeFile.c.o  -o cmTC_93b2c -latomic -lm 
make[1]: Verzeichnis „/home/hoang/Schreibtisch/MainApp/src/AppName/.buildozer/android/platform/build-armeabi-v7a/build/other_builds/jpeg/armeabi-v7a__ndk_target_21/jpeg/CMakeFiles/CMakeTmp“ wird verlassen



Determining if the include file stddef.h exists passed with the following output:
Change Dir: /home/hoang/Schreibtisch/MainApp/src/AppName/.buildozer/android/platform/build-armeabi-v7a/build/other_builds/jpeg/armeabi-v7a__ndk_target_21/jpeg/CMakeFiles/CMakeTmp

Run Build Command(s):/usr/bin/make cmTC_1a898/fast && /usr/bin/make -f CMakeFiles/cmTC_1a898.dir/build.make CMakeFiles/cmTC_1a898.dir/build
make[1]: Verzeichnis „/home/hoang/Schreibtisch/MainApp/src/AppName/.buildozer/android/platform/build-armeabi-v7a/build/other_builds/jpeg/armeabi-v7a__ndk_target_21/jpeg/CMakeFiles/CMakeTmp“ wird betreten
Building C object CMakeFiles/cmTC_1a898.dir/CheckIncludeFile.c.o
/home/hoang/.buildozer/android/platform/android-ndk-r17c/toolchains/llvm/prebuilt/linux-x86_64/bin/clang --target=armv7-none-linux-androideabi --gcc-toolchain=/home/hoang/.buildozer/android/platform/android-ndk-r17c/toolchains/arm-linux-androideabi-4.9/prebuilt/linux-x86_64 --sysroot=/home/hoang/.buildozer/android/platform/android-ndk-r17c/sysroot   -isystem /home/hoang/.buildozer/android/platform/android-ndk-r17c/sysroot/usr/include/arm-linux-androideabi -D__ANDROID_API__=14 -g -DANDROID -ffunction-sections -funwind-tables -fstack-protector-strong -no-canonical-prefixes -march=armv7-a -mfloat-abi=softfp -mfpu=vfpv3-d16 -mthumb -mfpu=neon -Wa,--noexecstack -Wformat -Werror=format-security   -fPIE   -o CMakeFiles/cmTC_1a898.dir/CheckIncludeFile.c.o   -c /home/hoang/Schreibtisch/MainApp/src/AppName/.buildozer/android/platform/build-armeabi-v7a/build/other_builds/jpeg/armeabi-v7a__ndk_target_21/jpeg/CMakeFiles/CMakeTmp/CheckIncludeFile.c
Linking C executable cmTC_1a898
/snap/cmake/118/bin/cmake -E cmake_link_script CMakeFiles/cmTC_1a898.dir/link.txt --verbose=1
/home/hoang/.buildozer/android/platform/android-ndk-r17c/toolchains/llvm/prebuilt/linux-x86_64/bin/clang --target=armv7-none-linux-androideabi --gcc-toolchain=/home/hoang/.buildozer/android/platform/android-ndk-r17c/toolchains/arm-linux-androideabi-4.9/prebuilt/linux-x86_64 --sysroot=/home/hoang/.buildozer/android/platform/android-ndk-r17c/sysroot -isystem /home/hoang/.buildozer/android/platform/android-ndk-r17c/sysroot/usr/include/arm-linux-androideabi -D__ANDROID_API__=14 -g -DANDROID -ffunction-sections -funwind-tables -fstack-protector-strong -no-canonical-prefixes -march=armv7-a -mfloat-abi=softfp -mfpu=vfpv3-d16 -mthumb -mfpu=neon -Wa,--noexecstack -Wformat -Werror=format-security    -Wl,--exclude-libs,libgcc.a -Wl,--exclude-libs,libatomic.a -nostdlib++ --sysroot /home/hoang/.buildozer/android/platform/android-ndk-r17c/platforms/android-14/arch-arm -Wl,--build-id -Wl,--warn-shared-textrel -Wl,--fatal-warnings -Wl,--fix-cortex-a8 -Wl,--exclude-libs,libunwind.a -L/home/hoang/.buildozer/android/platform/android-ndk-r17c/sources/cxx-stl/llvm-libc++/libs/armeabi-v7a -Wl,--no-undefined -Wl,-z,noexecstack -Qunused-arguments -Wl,-z,relro -Wl,-z,now -Wl,--gc-sections -Wl,-z,nocopyreloc   CMakeFiles/cmTC_1a898.dir/CheckIncludeFile.c.o  -o cmTC_1a898 -latomic -lm 
make[1]: Verzeichnis „/home/hoang/Schreibtisch/MainApp/src/AppName/.buildozer/android/platform/build-armeabi-v7a/build/other_builds/jpeg/armeabi-v7a__ndk_target_21/jpeg/CMakeFiles/CMakeTmp“ wird verlassen



Determining size of size_t passed with the following output:
Change Dir: /home/hoang/Schreibtisch/MainApp/src/AppName/.buildozer/android/platform/build-armeabi-v7a/build/other_builds/jpeg/armeabi-v7a__ndk_target_21/jpeg/CMakeFiles/CMakeTmp

Run Build Command(s):/usr/bin/make cmTC_175ba/fast && /usr/bin/make -f CMakeFiles/cmTC_175ba.dir/build.make CMakeFiles/cmTC_175ba.dir/build
make[1]: Verzeichnis „/home/hoang/Schreibtisch/MainApp/src/AppName/.buildozer/android/platform/build-armeabi-v7a/build/other_builds/jpeg/armeabi-v7a__ndk_target_21/jpeg/CMakeFiles/CMakeTmp“ wird betreten
Building C object CMakeFiles/cmTC_175ba.dir/SIZE_T.c.o
/home/hoang/.buildozer/android/platform/android-ndk-r17c/toolchains/llvm/prebuilt/linux-x86_64/bin/clang --target=armv7-none-linux-androideabi --gcc-toolchain=/home/hoang/.buildozer/android/platform/android-ndk-r17c/toolchains/arm-linux-androideabi-4.9/prebuilt/linux-x86_64 --sysroot=/home/hoang/.buildozer/android/platform/android-ndk-r17c/sysroot   -isystem /home/hoang/.buildozer/android/platform/android-ndk-r17c/sysroot/usr/include/arm-linux-androideabi -D__ANDROID_API__=14 -g -DANDROID -ffunction-sections -funwind-tables -fstack-protector-strong -no-canonical-prefixes -march=armv7-a -mfloat-abi=softfp -mfpu=vfpv3-d16 -mthumb -mfpu=neon -Wa,--noexecstack -Wformat -Werror=format-security   -fPIE   -o CMakeFiles/cmTC_175ba.dir/SIZE_T.c.o   -c /home/hoang/Schreibtisch/MainApp/src/AppName/.buildozer/android/platform/build-armeabi-v7a/build/other_builds/jpeg/armeabi-v7a__ndk_target_21/jpeg/CMakeFiles/CheckTypeSize/SIZE_T.c
Linking C executable cmTC_175ba
/snap/cmake/118/bin/cmake -E cmake_link_script CMakeFiles/cmTC_175ba.dir/link.txt --verbose=1
/home/hoang/.buildozer/android/platform/android-ndk-r17c/toolchains/llvm/prebuilt/linux-x86_64/bin/clang --target=armv7-none-linux-androideabi --gcc-toolchain=/home/hoang/.buildozer/android/platform/android-ndk-r17c/toolchains/arm-linux-androideabi-4.9/prebuilt/linux-x86_64 --sysroot=/home/hoang/.buildozer/android/platform/android-ndk-r17c/sysroot -isystem /home/hoang/.buildozer/android/platform/android-ndk-r17c/sysroot/usr/include/arm-linux-androideabi -D__ANDROID_API__=14 -g -DANDROID -ffunction-sections -funwind-tables -fstack-protector-strong -no-canonical-prefixes -march=armv7-a -mfloat-abi=softfp -mfpu=vfpv3-d16 -mthumb -mfpu=neon -Wa,--noexecstack -Wformat -Werror=format-security    -Wl,--exclude-libs,libgcc.a -Wl,--exclude-libs,libatomic.a -nostdlib++ --sysroot /home/hoang/.buildozer/android/platform/android-ndk-r17c/platforms/android-14/arch-arm -Wl,--build-id -Wl,--warn-shared-textrel -Wl,--fatal-warnings -Wl,--fix-cortex-a8 -Wl,--exclude-libs,libunwind.a -L/home/hoang/.buildozer/android/platform/android-ndk-r17c/sources/cxx-stl/llvm-libc++/libs/armeabi-v7a -Wl,--no-undefined -Wl,-z,noexecstack -Qunused-arguments -Wl,-z,relro -Wl,-z,now -Wl,--gc-sections -Wl,-z,nocopyreloc   CMakeFiles/cmTC_175ba.dir/SIZE_T.c.o  -o cmTC_175ba -latomic -lm 
make[1]: Verzeichnis „/home/hoang/Schreibtisch/MainApp/src/AppName/.buildozer/android/platform/build-armeabi-v7a/build/other_builds/jpeg/armeabi-v7a__ndk_target_21/jpeg/CMakeFiles/CMakeTmp“ wird verlassen



Determining size of unsigned long passed with the following output:
Change Dir: /home/hoang/Schreibtisch/MainApp/src/AppName/.buildozer/android/platform/build-armeabi-v7a/build/other_builds/jpeg/armeabi-v7a__ndk_target_21/jpeg/CMakeFiles/CMakeTmp

Run Build Command(s):/usr/bin/make cmTC_1d5dd/fast && /usr/bin/make -f CMakeFiles/cmTC_1d5dd.dir/build.make CMakeFiles/cmTC_1d5dd.dir/build
make[1]: Verzeichnis „/home/hoang/Schreibtisch/MainApp/src/AppName/.buildozer/android/platform/build-armeabi-v7a/build/other_builds/jpeg/armeabi-v7a__ndk_target_21/jpeg/CMakeFiles/CMakeTmp“ wird betreten
Building C object CMakeFiles/cmTC_1d5dd.dir/UNSIGNED_LONG.c.o
/home/hoang/.buildozer/android/platform/android-ndk-r17c/toolchains/llvm/prebuilt/linux-x86_64/bin/clang --target=armv7-none-linux-androideabi --gcc-toolchain=/home/hoang/.buildozer/android/platform/android-ndk-r17c/toolchains/arm-linux-androideabi-4.9/prebuilt/linux-x86_64 --sysroot=/home/hoang/.buildozer/android/platform/android-ndk-r17c/sysroot   -isystem /home/hoang/.buildozer/android/platform/android-ndk-r17c/sysroot/usr/include/arm-linux-androideabi -D__ANDROID_API__=14 -g -DANDROID -ffunction-sections -funwind-tables -fstack-protector-strong -no-canonical-prefixes -march=armv7-a -mfloat-abi=softfp -mfpu=vfpv3-d16 -mthumb -mfpu=neon -Wa,--noexecstack -Wformat -Werror=format-security   -fPIE   -o CMakeFiles/cmTC_1d5dd.dir/UNSIGNED_LONG.c.o   -c /home/hoang/Schreibtisch/MainApp/src/AppName/.buildozer/android/platform/build-armeabi-v7a/build/other_builds/jpeg/armeabi-v7a__ndk_target_21/jpeg/CMakeFiles/CheckTypeSize/UNSIGNED_LONG.c
Linking C executable cmTC_1d5dd
/snap/cmake/118/bin/cmake -E cmake_link_script CMakeFiles/cmTC_1d5dd.dir/link.txt --verbose=1
/home/hoang/.buildozer/android/platform/android-ndk-r17c/toolchains/llvm/prebuilt/linux-x86_64/bin/clang --target=armv7-none-linux-androideabi --gcc-toolchain=/home/hoang/.buildozer/android/platform/android-ndk-r17c/toolchains/arm-linux-androideabi-4.9/prebuilt/linux-x86_64 --sysroot=/home/hoang/.buildozer/android/platform/android-ndk-r17c/sysroot -isystem /home/hoang/.buildozer/android/platform/android-ndk-r17c/sysroot/usr/include/arm-linux-androideabi -D__ANDROID_API__=14 -g -DANDROID -ffunction-sections -funwind-tables -fstack-protector-strong -no-canonical-prefixes -march=armv7-a -mfloat-abi=softfp -mfpu=vfpv3-d16 -mthumb -mfpu=neon -Wa,--noexecstack -Wformat -Werror=format-security    -Wl,--exclude-libs,libgcc.a -Wl,--exclude-libs,libatomic.a -nostdlib++ --sysroot /home/hoang/.buildozer/android/platform/android-ndk-r17c/platforms/android-14/arch-arm -Wl,--build-id -Wl,--warn-shared-textrel -Wl,--fatal-warnings -Wl,--fix-cortex-a8 -Wl,--exclude-libs,libunwind.a -L/home/hoang/.buildozer/android/platform/android-ndk-r17c/sources/cxx-stl/llvm-libc++/libs/armeabi-v7a -Wl,--no-undefined -Wl,-z,noexecstack -Qunused-arguments -Wl,-z,relro -Wl,-z,now -Wl,--gc-sections -Wl,-z,nocopyreloc   CMakeFiles/cmTC_1d5dd.dir/UNSIGNED_LONG.c.o  -o cmTC_1d5dd -latomic -lm 
make[1]: Verzeichnis „/home/hoang/Schreibtisch/MainApp/src/AppName/.buildozer/android/platform/build-armeabi-v7a/build/other_builds/jpeg/armeabi-v7a__ndk_target_21/jpeg/CMakeFiles/CMakeTmp“ wird verlassen



Performing C SOURCE FILE Test HAVE_BUILTIN_CTZL succeeded with the following output:
Change Dir: /home/hoang/Schreibtisch/MainApp/src/AppName/.buildozer/android/platform/build-armeabi-v7a/build/other_builds/jpeg/armeabi-v7a__ndk_target_21/jpeg/CMakeFiles/CMakeTmp

Run Build Command(s):/usr/bin/make cmTC_f8fea/fast && /usr/bin/make -f CMakeFiles/cmTC_f8fea.dir/build.make CMakeFiles/cmTC_f8fea.dir/build
make[1]: Verzeichnis „/home/hoang/Schreibtisch/MainApp/src/AppName/.buildozer/android/platform/build-armeabi-v7a/build/other_builds/jpeg/armeabi-v7a__ndk_target_21/jpeg/CMakeFiles/CMakeTmp“ wird betreten
Building C object CMakeFiles/cmTC_f8fea.dir/src.c.o
/home/hoang/.buildozer/android/platform/android-ndk-r17c/toolchains/llvm/prebuilt/linux-x86_64/bin/clang --target=armv7-none-linux-androideabi --gcc-toolchain=/home/hoang/.buildozer/android/platform/android-ndk-r17c/toolchains/arm-linux-androideabi-4.9/prebuilt/linux-x86_64 --sysroot=/home/hoang/.buildozer/android/platform/android-ndk-r17c/sysroot   -isystem /home/hoang/.buildozer/android/platform/android-ndk-r17c/sysroot/usr/include/arm-linux-androideabi -D__ANDROID_API__=14 -g -DANDROID -ffunction-sections -funwind-tables -fstack-protector-strong -no-canonical-prefixes -march=armv7-a -mfloat-abi=softfp -mfpu=vfpv3-d16 -mthumb -mfpu=neon -Wa,--noexecstack -Wformat -Werror=format-security  -DHAVE_BUILTIN_CTZL -fPIE   -o CMakeFiles/cmTC_f8fea.dir/src.c.o   -c /home/hoang/Schreibtisch/MainApp/src/AppName/.buildozer/android/platform/build-armeabi-v7a/build/other_builds/jpeg/armeabi-v7a__ndk_target_21/jpeg/CMakeFiles/CMakeTmp/src.c
Linking C executable cmTC_f8fea
/snap/cmake/118/bin/cmake -E cmake_link_script CMakeFiles/cmTC_f8fea.dir/link.txt --verbose=1
/home/hoang/.buildozer/android/platform/android-ndk-r17c/toolchains/llvm/prebuilt/linux-x86_64/bin/clang --target=armv7-none-linux-androideabi --gcc-toolchain=/home/hoang/.buildozer/android/platform/android-ndk-r17c/toolchains/arm-linux-androideabi-4.9/prebuilt/linux-x86_64 --sysroot=/home/hoang/.buildozer/android/platform/android-ndk-r17c/sysroot -isystem /home/hoang/.buildozer/android/platform/android-ndk-r17c/sysroot/usr/include/arm-linux-androideabi -D__ANDROID_API__=14 -g -DANDROID -ffunction-sections -funwind-tables -fstack-protector-strong -no-canonical-prefixes -march=armv7-a -mfloat-abi=softfp -mfpu=vfpv3-d16 -mthumb -mfpu=neon -Wa,--noexecstack -Wformat -Werror=format-security  -DHAVE_BUILTIN_CTZL  -Wl,--exclude-libs,libgcc.a -Wl,--exclude-libs,libatomic.a -nostdlib++ --sysroot /home/hoang/.buildozer/android/platform/android-ndk-r17c/platforms/android-14/arch-arm -Wl,--build-id -Wl,--warn-shared-textrel -Wl,--fatal-warnings -Wl,--fix-cortex-a8 -Wl,--exclude-libs,libunwind.a -L/home/hoang/.buildozer/android/platform/android-ndk-r17c/sources/cxx-stl/llvm-libc++/libs/armeabi-v7a -Wl,--no-undefined -Wl,-z,noexecstack -Qunused-arguments -Wl,-z,relro -Wl,-z,now -Wl,--gc-sections -Wl,-z,nocopyreloc   CMakeFiles/cmTC_f8fea.dir/src.c.o  -o cmTC_f8fea -latomic -lm 
make[1]: Verzeichnis „/home/hoang/Schreibtisch/MainApp/src/AppName/.buildozer/android/platform/build-armeabi-v7a/build/other_builds/jpeg/armeabi-v7a__ndk_target_21/jpeg/CMakeFiles/CMakeTmp“ wird verlassen


Source file was:
int main(int argc, char **argv) { unsigned long a = argc;  return __builtin_ctzl(a); }
Determining if files locale.h exist passed with the following output:
Change Dir: /home/hoang/Schreibtisch/MainApp/src/AppName/.buildozer/android/platform/build-armeabi-v7a/build/other_builds/jpeg/armeabi-v7a__ndk_target_21/jpeg/CMakeFiles/CMakeTmp

Run Build Command(s):/usr/bin/make cmTC_12acf/fast && /usr/bin/make -f CMakeFiles/cmTC_12acf.dir/build.make CMakeFiles/cmTC_12acf.dir/build
make[1]: Verzeichnis „/home/hoang/Schreibtisch/MainApp/src/AppName/.buildozer/android/platform/build-armeabi-v7a/build/other_builds/jpeg/armeabi-v7a__ndk_target_21/jpeg/CMakeFiles/CMakeTmp“ wird betreten
Building C object CMakeFiles/cmTC_12acf.dir/HAVE_LOCALE_H.c.o
/home/hoang/.buildozer/android/platform/android-ndk-r17c/toolchains/llvm/prebuilt/linux-x86_64/bin/clang --target=armv7-none-linux-androideabi --gcc-toolchain=/home/hoang/.buildozer/android/platform/android-ndk-r17c/toolchains/arm-linux-androideabi-4.9/prebuilt/linux-x86_64 --sysroot=/home/hoang/.buildozer/android/platform/android-ndk-r17c/sysroot   -isystem /home/hoang/.buildozer/android/platform/android-ndk-r17c/sysroot/usr/include/arm-linux-androideabi -D__ANDROID_API__=14 -g -DANDROID -ffunction-sections -funwind-tables -fstack-protector-strong -no-canonical-prefixes -march=armv7-a -mfloat-abi=softfp -mfpu=vfpv3-d16 -mthumb -mfpu=neon -Wa,--noexecstack -Wformat -Werror=format-security   -fPIE   -o CMakeFiles/cmTC_12acf.dir/HAVE_LOCALE_H.c.o   -c /home/hoang/Schreibtisch/MainApp/src/AppName/.buildozer/android/platform/build-armeabi-v7a/build/other_builds/jpeg/armeabi-v7a__ndk_target_21/jpeg/CMakeFiles/CheckIncludeFiles/HAVE_LOCALE_H.c
Linking C executable cmTC_12acf
/snap/cmake/118/bin/cmake -E cmake_link_script CMakeFiles/cmTC_12acf.dir/link.txt --verbose=1
/home/hoang/.buildozer/android/platform/android-ndk-r17c/toolchains/llvm/prebuilt/linux-x86_64/bin/clang --target=armv7-none-linux-androideabi --gcc-toolchain=/home/hoang/.buildozer/android/platform/android-ndk-r17c/toolchains/arm-linux-androideabi-4.9/prebuilt/linux-x86_64 --sysroot=/home/hoang/.buildozer/android/platform/android-ndk-r17c/sysroot -isystem /home/hoang/.buildozer/android/platform/android-ndk-r17c/sysroot/usr/include/arm-linux-androideabi -D__ANDROID_API__=14 -g -DANDROID -ffunction-sections -funwind-tables -fstack-protector-strong -no-canonical-prefixes -march=armv7-a -mfloat-abi=softfp -mfpu=vfpv3-d16 -mthumb -mfpu=neon -Wa,--noexecstack -Wformat -Werror=format-security    -Wl,--exclude-libs,libgcc.a -Wl,--exclude-libs,libatomic.a -nostdlib++ --sysroot /home/hoang/.buildozer/android/platform/android-ndk-r17c/platforms/android-14/arch-arm -Wl,--build-id -Wl,--warn-shared-textrel -Wl,--fatal-warnings -Wl,--fix-cortex-a8 -Wl,--exclude-libs,libunwind.a -L/home/hoang/.buildozer/android/platform/android-ndk-r17c/sources/cxx-stl/llvm-libc++/libs/armeabi-v7a -Wl,--no-undefined -Wl,-z,noexecstack -Qunused-arguments -Wl,-z,relro -Wl,-z,now -Wl,--gc-sections -Wl,-z,nocopyreloc   CMakeFiles/cmTC_12acf.dir/HAVE_LOCALE_H.c.o  -o cmTC_12acf -latomic -lm 
make[1]: Verzeichnis „/home/hoang/Schreibtisch/MainApp/src/AppName/.buildozer/android/platform/build-armeabi-v7a/build/other_builds/jpeg/armeabi-v7a__ndk_target_21/jpeg/CMakeFiles/CMakeTmp“ wird verlassen



Determining if files stdlib.h exist passed with the following output:
Change Dir: /home/hoang/Schreibtisch/MainApp/src/AppName/.buildozer/android/platform/build-armeabi-v7a/build/other_builds/jpeg/armeabi-v7a__ndk_target_21/jpeg/CMakeFiles/CMakeTmp

Run Build Command(s):/usr/bin/make cmTC_e79b9/fast && /usr/bin/make -f CMakeFiles/cmTC_e79b9.dir/build.make CMakeFiles/cmTC_e79b9.dir/build
make[1]: Verzeichnis „/home/hoang/Schreibtisch/MainApp/src/AppName/.buildozer/android/platform/build-armeabi-v7a/build/other_builds/jpeg/armeabi-v7a__ndk_target_21/jpeg/CMakeFiles/CMakeTmp“ wird betreten
Building C object CMakeFiles/cmTC_e79b9.dir/HAVE_STDLIB_H.c.o
/home/hoang/.buildozer/android/platform/android-ndk-r17c/toolchains/llvm/prebuilt/linux-x86_64/bin/clang --target=armv7-none-linux-androideabi --gcc-toolchain=/home/hoang/.buildozer/android/platform/android-ndk-r17c/toolchains/arm-linux-androideabi-4.9/prebuilt/linux-x86_64 --sysroot=/home/hoang/.buildozer/android/platform/android-ndk-r17c/sysroot   -isystem /home/hoang/.buildozer/android/platform/android-ndk-r17c/sysroot/usr/include/arm-linux-androideabi -D__ANDROID_API__=14 -g -DANDROID -ffunction-sections -funwind-tables -fstack-protector-strong -no-canonical-prefixes -march=armv7-a -mfloat-abi=softfp -mfpu=vfpv3-d16 -mthumb -mfpu=neon -Wa,--noexecstack -Wformat -Werror=format-security   -fPIE   -o CMakeFiles/cmTC_e79b9.dir/HAVE_STDLIB_H.c.o   -c /home/hoang/Schreibtisch/MainApp/src/AppName/.buildozer/android/platform/build-armeabi-v7a/build/other_builds/jpeg/armeabi-v7a__ndk_target_21/jpeg/CMakeFiles/CheckIncludeFiles/HAVE_STDLIB_H.c
Linking C executable cmTC_e79b9
/snap/cmake/118/bin/cmake -E cmake_link_script CMakeFiles/cmTC_e79b9.dir/link.txt --verbose=1
/home/hoang/.buildozer/android/platform/android-ndk-r17c/toolchains/llvm/prebuilt/linux-x86_64/bin/clang --target=armv7-none-linux-androideabi --gcc-toolchain=/home/hoang/.buildozer/android/platform/android-ndk-r17c/toolchains/arm-linux-androideabi-4.9/prebuilt/linux-x86_64 --sysroot=/home/hoang/.buildozer/android/platform/android-ndk-r17c/sysroot -isystem /home/hoang/.buildozer/android/platform/android-ndk-r17c/sysroot/usr/include/arm-linux-androideabi -D__ANDROID_API__=14 -g -DANDROID -ffunction-sections -funwind-tables -fstack-protector-strong -no-canonical-prefixes -march=armv7-a -mfloat-abi=softfp -mfpu=vfpv3-d16 -mthumb -mfpu=neon -Wa,--noexecstack -Wformat -Werror=format-security    -Wl,--exclude-libs,libgcc.a -Wl,--exclude-libs,libatomic.a -nostdlib++ --sysroot /home/hoang/.buildozer/android/platform/android-ndk-r17c/platforms/android-14/arch-arm -Wl,--build-id -Wl,--warn-shared-textrel -Wl,--fatal-warnings -Wl,--fix-cortex-a8 -Wl,--exclude-libs,libunwind.a -L/home/hoang/.buildozer/android/platform/android-ndk-r17c/sources/cxx-stl/llvm-libc++/libs/armeabi-v7a -Wl,--no-undefined -Wl,-z,noexecstack -Qunused-arguments -Wl,-z,relro -Wl,-z,now -Wl,--gc-sections -Wl,-z,nocopyreloc   CMakeFiles/cmTC_e79b9.dir/HAVE_STDLIB_H.c.o  -o cmTC_e79b9 -latomic -lm 
make[1]: Verzeichnis „/home/hoang/Schreibtisch/MainApp/src/AppName/.buildozer/android/platform/build-armeabi-v7a/build/other_builds/jpeg/armeabi-v7a__ndk_target_21/jpeg/CMakeFiles/CMakeTmp“ wird verlassen



Determining if files sys/types.h exist passed with the following output:
Change Dir: /home/hoang/Schreibtisch/MainApp/src/AppName/.buildozer/android/platform/build-armeabi-v7a/build/other_builds/jpeg/armeabi-v7a__ndk_target_21/jpeg/CMakeFiles/CMakeTmp

Run Build Command(s):/usr/bin/make cmTC_044ba/fast && /usr/bin/make -f CMakeFiles/cmTC_044ba.dir/build.make CMakeFiles/cmTC_044ba.dir/build
make[1]: Verzeichnis „/home/hoang/Schreibtisch/MainApp/src/AppName/.buildozer/android/platform/build-armeabi-v7a/build/other_builds/jpeg/armeabi-v7a__ndk_target_21/jpeg/CMakeFiles/CMakeTmp“ wird betreten
Building C object CMakeFiles/cmTC_044ba.dir/NEED_SYS_TYPES_H.c.o
/home/hoang/.buildozer/android/platform/android-ndk-r17c/toolchains/llvm/prebuilt/linux-x86_64/bin/clang --target=armv7-none-linux-androideabi --gcc-toolchain=/home/hoang/.buildozer/android/platform/android-ndk-r17c/toolchains/arm-linux-androideabi-4.9/prebuilt/linux-x86_64 --sysroot=/home/hoang/.buildozer/android/platform/android-ndk-r17c/sysroot   -isystem /home/hoang/.buildozer/android/platform/android-ndk-r17c/sysroot/usr/include/arm-linux-androideabi -D__ANDROID_API__=14 -g -DANDROID -ffunction-sections -funwind-tables -fstack-protector-strong -no-canonical-prefixes -march=armv7-a -mfloat-abi=softfp -mfpu=vfpv3-d16 -mthumb -mfpu=neon -Wa,--noexecstack -Wformat -Werror=format-security   -fPIE   -o CMakeFiles/cmTC_044ba.dir/NEED_SYS_TYPES_H.c.o   -c /home/hoang/Schreibtisch/MainApp/src/AppName/.buildozer/android/platform/build-armeabi-v7a/build/other_builds/jpeg/armeabi-v7a__ndk_target_21/jpeg/CMakeFiles/CheckIncludeFiles/NEED_SYS_TYPES_H.c
Linking C executable cmTC_044ba
/snap/cmake/118/bin/cmake -E cmake_link_script CMakeFiles/cmTC_044ba.dir/link.txt --verbose=1
/home/hoang/.buildozer/android/platform/android-ndk-r17c/toolchains/llvm/prebuilt/linux-x86_64/bin/clang --target=armv7-none-linux-androideabi --gcc-toolchain=/home/hoang/.buildozer/android/platform/android-ndk-r17c/toolchains/arm-linux-androideabi-4.9/prebuilt/linux-x86_64 --sysroot=/home/hoang/.buildozer/android/platform/android-ndk-r17c/sysroot -isystem /home/hoang/.buildozer/android/platform/android-ndk-r17c/sysroot/usr/include/arm-linux-androideabi -D__ANDROID_API__=14 -g -DANDROID -ffunction-sections -funwind-tables -fstack-protector-strong -no-canonical-prefixes -march=armv7-a -mfloat-abi=softfp -mfpu=vfpv3-d16 -mthumb -mfpu=neon -Wa,--noexecstack -Wformat -Werror=format-security    -Wl,--exclude-libs,libgcc.a -Wl,--exclude-libs,libatomic.a -nostdlib++ --sysroot /home/hoang/.buildozer/android/platform/android-ndk-r17c/platforms/android-14/arch-arm -Wl,--build-id -Wl,--warn-shared-textrel -Wl,--fatal-warnings -Wl,--fix-cortex-a8 -Wl,--exclude-libs,libunwind.a -L/home/hoang/.buildozer/android/platform/android-ndk-r17c/sources/cxx-stl/llvm-libc++/libs/armeabi-v7a -Wl,--no-undefined -Wl,-z,noexecstack -Qunused-arguments -Wl,-z,relro -Wl,-z,now -Wl,--gc-sections -Wl,-z,nocopyreloc   CMakeFiles/cmTC_044ba.dir/NEED_SYS_TYPES_H.c.o  -o cmTC_044ba -latomic -lm 
make[1]: Verzeichnis „/home/hoang/Schreibtisch/MainApp/src/AppName/.buildozer/android/platform/build-armeabi-v7a/build/other_builds/jpeg/armeabi-v7a__ndk_target_21/jpeg/CMakeFiles/CMakeTmp“ wird verlassen



Determining if the memset exist passed with the following output:
Change Dir: /home/hoang/Schreibtisch/MainApp/src/AppName/.buildozer/android/platform/build-armeabi-v7a/build/other_builds/jpeg/armeabi-v7a__ndk_target_21/jpeg/CMakeFiles/CMakeTmp

Run Build Command(s):/usr/bin/make cmTC_9cce5/fast && /usr/bin/make -f CMakeFiles/cmTC_9cce5.dir/build.make CMakeFiles/cmTC_9cce5.dir/build
make[1]: Verzeichnis „/home/hoang/Schreibtisch/MainApp/src/AppName/.buildozer/android/platform/build-armeabi-v7a/build/other_builds/jpeg/armeabi-v7a__ndk_target_21/jpeg/CMakeFiles/CMakeTmp“ wird betreten
Building C object CMakeFiles/cmTC_9cce5.dir/CheckSymbolExists.c.o
/home/hoang/.buildozer/android/platform/android-ndk-r17c/toolchains/llvm/prebuilt/linux-x86_64/bin/clang --target=armv7-none-linux-androideabi --gcc-toolchain=/home/hoang/.buildozer/android/platform/android-ndk-r17c/toolchains/arm-linux-androideabi-4.9/prebuilt/linux-x86_64 --sysroot=/home/hoang/.buildozer/android/platform/android-ndk-r17c/sysroot   -isystem /home/hoang/.buildozer/android/platform/android-ndk-r17c/sysroot/usr/include/arm-linux-androideabi -D__ANDROID_API__=14 -g -DANDROID -ffunction-sections -funwind-tables -fstack-protector-strong -no-canonical-prefixes -march=armv7-a -mfloat-abi=softfp -mfpu=vfpv3-d16 -mthumb -mfpu=neon -Wa,--noexecstack -Wformat -Werror=format-security   -fPIE   -o CMakeFiles/cmTC_9cce5.dir/CheckSymbolExists.c.o   -c /home/hoang/Schreibtisch/MainApp/src/AppName/.buildozer/android/platform/build-armeabi-v7a/build/other_builds/jpeg/armeabi-v7a__ndk_target_21/jpeg/CMakeFiles/CMakeTmp/CheckSymbolExists.c
Linking C executable cmTC_9cce5
/snap/cmake/118/bin/cmake -E cmake_link_script CMakeFiles/cmTC_9cce5.dir/link.txt --verbose=1
/home/hoang/.buildozer/android/platform/android-ndk-r17c/toolchains/llvm/prebuilt/linux-x86_64/bin/clang --target=armv7-none-linux-androideabi --gcc-toolchain=/home/hoang/.buildozer/android/platform/android-ndk-r17c/toolchains/arm-linux-androideabi-4.9/prebuilt/linux-x86_64 --sysroot=/home/hoang/.buildozer/android/platform/android-ndk-r17c/sysroot -isystem /home/hoang/.buildozer/android/platform/android-ndk-r17c/sysroot/usr/include/arm-linux-androideabi -D__ANDROID_API__=14 -g -DANDROID -ffunction-sections -funwind-tables -fstack-protector-strong -no-canonical-prefixes -march=armv7-a -mfloat-abi=softfp -mfpu=vfpv3-d16 -mthumb -mfpu=neon -Wa,--noexecstack -Wformat -Werror=format-security    -Wl,--exclude-libs,libgcc.a -Wl,--exclude-libs,libatomic.a -nostdlib++ --sysroot /home/hoang/.buildozer/android/platform/android-ndk-r17c/platforms/android-14/arch-arm -Wl,--build-id -Wl,--warn-shared-textrel -Wl,--fatal-warnings -Wl,--fix-cortex-a8 -Wl,--exclude-libs,libunwind.a -L/home/hoang/.buildozer/android/platform/android-ndk-r17c/sources/cxx-stl/llvm-libc++/libs/armeabi-v7a -Wl,--no-undefined -Wl,-z,noexecstack -Qunused-arguments -Wl,-z,relro -Wl,-z,now -Wl,--gc-sections -Wl,-z,nocopyreloc   CMakeFiles/cmTC_9cce5.dir/CheckSymbolExists.c.o  -o cmTC_9cce5 -latomic -lm 
make[1]: Verzeichnis „/home/hoang/Schreibtisch/MainApp/src/AppName/.buildozer/android/platform/build-armeabi-v7a/build/other_builds/jpeg/armeabi-v7a__ndk_target_21/jpeg/CMakeFiles/CMakeTmp“ wird verlassen


File /home/hoang/Schreibtisch/MainApp/src/AppName/.buildozer/android/platform/build-armeabi-v7a/build/other_builds/jpeg/armeabi-v7a__ndk_target_21/jpeg/CMakeFiles/CMakeTmp/CheckSymbolExists.c:
/* */
#include <string.h>

int main(int argc, char** argv)
{
  (void)argv;
#ifndef memset
  return ((int*)(&memset))[argc];
#else
  (void)argc;
  return 0;
#endif
}

Determining if the memcpy exist passed with the following output:
Change Dir: /home/hoang/Schreibtisch/MainApp/src/AppName/.buildozer/android/platform/build-armeabi-v7a/build/other_builds/jpeg/armeabi-v7a__ndk_target_21/jpeg/CMakeFiles/CMakeTmp

Run Build Command(s):/usr/bin/make cmTC_a6e3c/fast && /usr/bin/make -f CMakeFiles/cmTC_a6e3c.dir/build.make CMakeFiles/cmTC_a6e3c.dir/build
make[1]: Verzeichnis „/home/hoang/Schreibtisch/MainApp/src/AppName/.buildozer/android/platform/build-armeabi-v7a/build/other_builds/jpeg/armeabi-v7a__ndk_target_21/jpeg/CMakeFiles/CMakeTmp“ wird betreten
Building C object CMakeFiles/cmTC_a6e3c.dir/CheckSymbolExists.c.o
/home/hoang/.buildozer/android/platform/android-ndk-r17c/toolchains/llvm/prebuilt/linux-x86_64/bin/clang --target=armv7-none-linux-androideabi --gcc-toolchain=/home/hoang/.buildozer/android/platform/android-ndk-r17c/toolchains/arm-linux-androideabi-4.9/prebuilt/linux-x86_64 --sysroot=/home/hoang/.buildozer/android/platform/android-ndk-r17c/sysroot   -isystem /home/hoang/.buildozer/android/platform/android-ndk-r17c/sysroot/usr/include/arm-linux-androideabi -D__ANDROID_API__=14 -g -DANDROID -ffunction-sections -funwind-tables -fstack-protector-strong -no-canonical-prefixes -march=armv7-a -mfloat-abi=softfp -mfpu=vfpv3-d16 -mthumb -mfpu=neon -Wa,--noexecstack -Wformat -Werror=format-security   -fPIE   -o CMakeFiles/cmTC_a6e3c.dir/CheckSymbolExists.c.o   -c /home/hoang/Schreibtisch/MainApp/src/AppName/.buildozer/android/platform/build-armeabi-v7a/build/other_builds/jpeg/armeabi-v7a__ndk_target_21/jpeg/CMakeFiles/CMakeTmp/CheckSymbolExists.c
Linking C executable cmTC_a6e3c
/snap/cmake/118/bin/cmake -E cmake_link_script CMakeFiles/cmTC_a6e3c.dir/link.txt --verbose=1
/home/hoang/.buildozer/android/platform/android-ndk-r17c/toolchains/llvm/prebuilt/linux-x86_64/bin/clang --target=armv7-none-linux-androideabi --gcc-toolchain=/home/hoang/.buildozer/android/platform/android-ndk-r17c/toolchains/arm-linux-androideabi-4.9/prebuilt/linux-x86_64 --sysroot=/home/hoang/.buildozer/android/platform/android-ndk-r17c/sysroot -isystem /home/hoang/.buildozer/android/platform/android-ndk-r17c/sysroot/usr/include/arm-linux-androideabi -D__ANDROID_API__=14 -g -DANDROID -ffunction-sections -funwind-tables -fstack-protector-strong -no-canonical-prefixes -march=armv7-a -mfloat-abi=softfp -mfpu=vfpv3-d16 -mthumb -mfpu=neon -Wa,--noexecstack -Wformat -Werror=format-security    -Wl,--exclude-libs,libgcc.a -Wl,--exclude-libs,libatomic.a -nostdlib++ --sysroot /home/hoang/.buildozer/android/platform/android-ndk-r17c/platforms/android-14/arch-arm -Wl,--build-id -Wl,--warn-shared-textrel -Wl,--fatal-warnings -Wl,--fix-cortex-a8 -Wl,--exclude-libs,libunwind.a -L/home/hoang/.buildozer/android/platform/android-ndk-r17c/sources/cxx-stl/llvm-libc++/libs/armeabi-v7a -Wl,--no-undefined -Wl,-z,noexecstack -Qunused-arguments -Wl,-z,relro -Wl,-z,now -Wl,--gc-sections -Wl,-z,nocopyreloc   CMakeFiles/cmTC_a6e3c.dir/CheckSymbolExists.c.o  -o cmTC_a6e3c -latomic -lm 
make[1]: Verzeichnis „/home/hoang/Schreibtisch/MainApp/src/AppName/.buildozer/android/platform/build-armeabi-v7a/build/other_builds/jpeg/armeabi-v7a__ndk_target_21/jpeg/CMakeFiles/CMakeTmp“ wird verlassen


File /home/hoang/Schreibtisch/MainApp/src/AppName/.buildozer/android/platform/build-armeabi-v7a/build/other_builds/jpeg/armeabi-v7a__ndk_target_21/jpeg/CMakeFiles/CMakeTmp/CheckSymbolExists.c:
/* */
#include <string.h>

int main(int argc, char** argv)
{
  (void)argv;
#ifndef memcpy
  return ((int*)(&memcpy))[argc];
#else
  (void)argc;
  return 0;
#endif
}

Determining size of unsigned char passed with the following output:
Change Dir: /home/hoang/Schreibtisch/MainApp/src/AppName/.buildozer/android/platform/build-armeabi-v7a/build/other_builds/jpeg/armeabi-v7a__ndk_target_21/jpeg/CMakeFiles/CMakeTmp

Run Build Command(s):/usr/bin/make cmTC_4787f/fast && /usr/bin/make -f CMakeFiles/cmTC_4787f.dir/build.make CMakeFiles/cmTC_4787f.dir/build
make[1]: Verzeichnis „/home/hoang/Schreibtisch/MainApp/src/AppName/.buildozer/android/platform/build-armeabi-v7a/build/other_builds/jpeg/armeabi-v7a__ndk_target_21/jpeg/CMakeFiles/CMakeTmp“ wird betreten
Building C object CMakeFiles/cmTC_4787f.dir/UNSIGNED_CHAR.c.o
/home/hoang/.buildozer/android/platform/android-ndk-r17c/toolchains/llvm/prebuilt/linux-x86_64/bin/clang --target=armv7-none-linux-androideabi --gcc-toolchain=/home/hoang/.buildozer/android/platform/android-ndk-r17c/toolchains/arm-linux-androideabi-4.9/prebuilt/linux-x86_64 --sysroot=/home/hoang/.buildozer/android/platform/android-ndk-r17c/sysroot   -isystem /home/hoang/.buildozer/android/platform/android-ndk-r17c/sysroot/usr/include/arm-linux-androideabi -D__ANDROID_API__=14 -g -DANDROID -ffunction-sections -funwind-tables -fstack-protector-strong -no-canonical-prefixes -march=armv7-a -mfloat-abi=softfp -mfpu=vfpv3-d16 -mthumb -mfpu=neon -Wa,--noexecstack -Wformat -Werror=format-security   -fPIE   -o CMakeFiles/cmTC_4787f.dir/UNSIGNED_CHAR.c.o   -c /home/hoang/Schreibtisch/MainApp/src/AppName/.buildozer/android/platform/build-armeabi-v7a/build/other_builds/jpeg/armeabi-v7a__ndk_target_21/jpeg/CMakeFiles/CheckTypeSize/UNSIGNED_CHAR.c
Linking C executable cmTC_4787f
/snap/cmake/118/bin/cmake -E cmake_link_script CMakeFiles/cmTC_4787f.dir/link.txt --verbose=1
/home/hoang/.buildozer/android/platform/android-ndk-r17c/toolchains/llvm/prebuilt/linux-x86_64/bin/clang --target=armv7-none-linux-androideabi --gcc-toolchain=/home/hoang/.buildozer/android/platform/android-ndk-r17c/toolchains/arm-linux-androideabi-4.9/prebuilt/linux-x86_64 --sysroot=/home/hoang/.buildozer/android/platform/android-ndk-r17c/sysroot -isystem /home/hoang/.buildozer/android/platform/android-ndk-r17c/sysroot/usr/include/arm-linux-androideabi -D__ANDROID_API__=14 -g -DANDROID -ffunction-sections -funwind-tables -fstack-protector-strong -no-canonical-prefixes -march=armv7-a -mfloat-abi=softfp -mfpu=vfpv3-d16 -mthumb -mfpu=neon -Wa,--noexecstack -Wformat -Werror=format-security    -Wl,--exclude-libs,libgcc.a -Wl,--exclude-libs,libatomic.a -nostdlib++ --sysroot /home/hoang/.buildozer/android/platform/android-ndk-r17c/platforms/android-14/arch-arm -Wl,--build-id -Wl,--warn-shared-textrel -Wl,--fatal-warnings -Wl,--fix-cortex-a8 -Wl,--exclude-libs,libunwind.a -L/home/hoang/.buildozer/android/platform/android-ndk-r17c/sources/cxx-stl/llvm-libc++/libs/armeabi-v7a -Wl,--no-undefined -Wl,-z,noexecstack -Qunused-arguments -Wl,-z,relro -Wl,-z,now -Wl,--gc-sections -Wl,-z,nocopyreloc   CMakeFiles/cmTC_4787f.dir/UNSIGNED_CHAR.c.o  -o cmTC_4787f -latomic -lm 
make[1]: Verzeichnis „/home/hoang/Schreibtisch/MainApp/src/AppName/.buildozer/android/platform/build-armeabi-v7a/build/other_builds/jpeg/armeabi-v7a__ndk_target_21/jpeg/CMakeFiles/CMakeTmp“ wird verlassen



Determining size of unsigned short passed with the following output:
Change Dir: /home/hoang/Schreibtisch/MainApp/src/AppName/.buildozer/android/platform/build-armeabi-v7a/build/other_builds/jpeg/armeabi-v7a__ndk_target_21/jpeg/CMakeFiles/CMakeTmp

Run Build Command(s):/usr/bin/make cmTC_edc26/fast && /usr/bin/make -f CMakeFiles/cmTC_edc26.dir/build.make CMakeFiles/cmTC_edc26.dir/build
make[1]: Verzeichnis „/home/hoang/Schreibtisch/MainApp/src/AppName/.buildozer/android/platform/build-armeabi-v7a/build/other_builds/jpeg/armeabi-v7a__ndk_target_21/jpeg/CMakeFiles/CMakeTmp“ wird betreten
Building C object CMakeFiles/cmTC_edc26.dir/UNSIGNED_SHORT.c.o
/home/hoang/.buildozer/android/platform/android-ndk-r17c/toolchains/llvm/prebuilt/linux-x86_64/bin/clang --target=armv7-none-linux-androideabi --gcc-toolchain=/home/hoang/.buildozer/android/platform/android-ndk-r17c/toolchains/arm-linux-androideabi-4.9/prebuilt/linux-x86_64 --sysroot=/home/hoang/.buildozer/android/platform/android-ndk-r17c/sysroot   -isystem /home/hoang/.buildozer/android/platform/android-ndk-r17c/sysroot/usr/include/arm-linux-androideabi -D__ANDROID_API__=14 -g -DANDROID -ffunction-sections -funwind-tables -fstack-protector-strong -no-canonical-prefixes -march=armv7-a -mfloat-abi=softfp -mfpu=vfpv3-d16 -mthumb -mfpu=neon -Wa,--noexecstack -Wformat -Werror=format-security   -fPIE   -o CMakeFiles/cmTC_edc26.dir/UNSIGNED_SHORT.c.o   -c /home/hoang/Schreibtisch/MainApp/src/AppName/.buildozer/android/platform/build-armeabi-v7a/build/other_builds/jpeg/armeabi-v7a__ndk_target_21/jpeg/CMakeFiles/CheckTypeSize/UNSIGNED_SHORT.c
Linking C executable cmTC_edc26
/snap/cmake/118/bin/cmake -E cmake_link_script CMakeFiles/cmTC_edc26.dir/link.txt --verbose=1
/home/hoang/.buildozer/android/platform/android-ndk-r17c/toolchains/llvm/prebuilt/linux-x86_64/bin/clang --target=armv7-none-linux-androideabi --gcc-toolchain=/home/hoang/.buildozer/android/platform/android-ndk-r17c/toolchains/arm-linux-androideabi-4.9/prebuilt/linux-x86_64 --sysroot=/home/hoang/.buildozer/android/platform/android-ndk-r17c/sysroot -isystem /home/hoang/.buildozer/android/platform/android-ndk-r17c/sysroot/usr/include/arm-linux-androideabi -D__ANDROID_API__=14 -g -DANDROID -ffunction-sections -funwind-tables -fstack-protector-strong -no-canonical-prefixes -march=armv7-a -mfloat-abi=softfp -mfpu=vfpv3-d16 -mthumb -mfpu=neon -Wa,--noexecstack -Wformat -Werror=format-security    -Wl,--exclude-libs,libgcc.a -Wl,--exclude-libs,libatomic.a -nostdlib++ --sysroot /home/hoang/.buildozer/android/platform/android-ndk-r17c/platforms/android-14/arch-arm -Wl,--build-id -Wl,--warn-shared-textrel -Wl,--fatal-warnings -Wl,--fix-cortex-a8 -Wl,--exclude-libs,libunwind.a -L/home/hoang/.buildozer/android/platform/android-ndk-r17c/sources/cxx-stl/llvm-libc++/libs/armeabi-v7a -Wl,--no-undefined -Wl,-z,noexecstack -Qunused-arguments -Wl,-z,relro -Wl,-z,now -Wl,--gc-sections -Wl,-z,nocopyreloc   CMakeFiles/cmTC_edc26.dir/UNSIGNED_SHORT.c.o  -o cmTC_edc26 -latomic -lm 
make[1]: Verzeichnis „/home/hoang/Schreibtisch/MainApp/src/AppName/.buildozer/android/platform/build-armeabi-v7a/build/other_builds/jpeg/armeabi-v7a__ndk_target_21/jpeg/CMakeFiles/CMakeTmp“ wird verlassen



Performing C SOURCE FILE Test INCOMPLETE_TYPES succeeded with the following output:
Change Dir: /home/hoang/Schreibtisch/MainApp/src/AppName/.buildozer/android/platform/build-armeabi-v7a/build/other_builds/jpeg/armeabi-v7a__ndk_target_21/jpeg/CMakeFiles/CMakeTmp

Run Build Command(s):/usr/bin/make cmTC_d07c7/fast && /usr/bin/make -f CMakeFiles/cmTC_d07c7.dir/build.make CMakeFiles/cmTC_d07c7.dir/build
make[1]: Verzeichnis „/home/hoang/Schreibtisch/MainApp/src/AppName/.buildozer/android/platform/build-armeabi-v7a/build/other_builds/jpeg/armeabi-v7a__ndk_target_21/jpeg/CMakeFiles/CMakeTmp“ wird betreten
Building C object CMakeFiles/cmTC_d07c7.dir/src.c.o
/home/hoang/.buildozer/android/platform/android-ndk-r17c/toolchains/llvm/prebuilt/linux-x86_64/bin/clang --target=armv7-none-linux-androideabi --gcc-toolchain=/home/hoang/.buildozer/android/platform/android-ndk-r17c/toolchains/arm-linux-androideabi-4.9/prebuilt/linux-x86_64 --sysroot=/home/hoang/.buildozer/android/platform/android-ndk-r17c/sysroot   -isystem /home/hoang/.buildozer/android/platform/android-ndk-r17c/sysroot/usr/include/arm-linux-androideabi -D__ANDROID_API__=14 -g -DANDROID -ffunction-sections -funwind-tables -fstack-protector-strong -no-canonical-prefixes -march=armv7-a -mfloat-abi=softfp -mfpu=vfpv3-d16 -mthumb -mfpu=neon -Wa,--noexecstack -Wformat -Werror=format-security  -DINCOMPLETE_TYPES -fPIE   -o CMakeFiles/cmTC_d07c7.dir/src.c.o   -c /home/hoang/Schreibtisch/MainApp/src/AppName/.buildozer/android/platform/build-armeabi-v7a/build/other_builds/jpeg/armeabi-v7a__ndk_target_21/jpeg/CMakeFiles/CMakeTmp/src.c
Linking C executable cmTC_d07c7
/snap/cmake/118/bin/cmake -E cmake_link_script CMakeFiles/cmTC_d07c7.dir/link.txt --verbose=1
/home/hoang/.buildozer/android/platform/android-ndk-r17c/toolchains/llvm/prebuilt/linux-x86_64/bin/clang --target=armv7-none-linux-androideabi --gcc-toolchain=/home/hoang/.buildozer/android/platform/android-ndk-r17c/toolchains/arm-linux-androideabi-4.9/prebuilt/linux-x86_64 --sysroot=/home/hoang/.buildozer/android/platform/android-ndk-r17c/sysroot -isystem /home/hoang/.buildozer/android/platform/android-ndk-r17c/sysroot/usr/include/arm-linux-androideabi -D__ANDROID_API__=14 -g -DANDROID -ffunction-sections -funwind-tables -fstack-protector-strong -no-canonical-prefixes -march=armv7-a -mfloat-abi=softfp -mfpu=vfpv3-d16 -mthumb -mfpu=neon -Wa,--noexecstack -Wformat -Werror=format-security  -DINCOMPLETE_TYPES  -Wl,--exclude-libs,libgcc.a -Wl,--exclude-libs,libatomic.a -nostdlib++ --sysroot /home/hoang/.buildozer/android/platform/android-ndk-r17c/platforms/android-14/arch-arm -Wl,--build-id -Wl,--warn-shared-textrel -Wl,--fatal-warnings -Wl,--fix-cortex-a8 -Wl,--exclude-libs,libunwind.a -L/home/hoang/.buildozer/android/platform/android-ndk-r17c/sources/cxx-stl/llvm-libc++/libs/armeabi-v7a -Wl,--no-undefined -Wl,-z,noexecstack -Qunused-arguments -Wl,-z,relro -Wl,-z,now -Wl,--gc-sections -Wl,-z,nocopyreloc   CMakeFiles/cmTC_d07c7.dir/src.c.o  -o cmTC_d07c7 -latomic -lm 
make[1]: Verzeichnis „/home/hoang/Schreibtisch/MainApp/src/AppName/.buildozer/android/platform/build-armeabi-v7a/build/other_builds/jpeg/armeabi-v7a__ndk_target_21/jpeg/CMakeFiles/CMakeTmp“ wird verlassen


Source file was:
int main(void) { typedef struct undefined_structure *undef_struct_ptr;  undef_struct_ptr ptr = 0;  return ptr != 0; }
Performing C SOURCE FILE Test INLINE_WORKS succeeded with the following output:
Change Dir: /home/hoang/Schreibtisch/MainApp/src/AppName/.buildozer/android/platform/build-armeabi-v7a/build/other_builds/jpeg/armeabi-v7a__ndk_target_21/jpeg/CMakeFiles/CMakeTmp

Run Build Command(s):/usr/bin/make cmTC_a0d37/fast && /usr/bin/make -f CMakeFiles/cmTC_a0d37.dir/build.make CMakeFiles/cmTC_a0d37.dir/build
make[1]: Verzeichnis „/home/hoang/Schreibtisch/MainApp/src/AppName/.buildozer/android/platform/build-armeabi-v7a/build/other_builds/jpeg/armeabi-v7a__ndk_target_21/jpeg/CMakeFiles/CMakeTmp“ wird betreten
Building C object CMakeFiles/cmTC_a0d37.dir/src.c.o
/home/hoang/.buildozer/android/platform/android-ndk-r17c/toolchains/llvm/prebuilt/linux-x86_64/bin/clang --target=armv7-none-linux-androideabi --gcc-toolchain=/home/hoang/.buildozer/android/platform/android-ndk-r17c/toolchains/arm-linux-androideabi-4.9/prebuilt/linux-x86_64 --sysroot=/home/hoang/.buildozer/android/platform/android-ndk-r17c/sysroot   -isystem /home/hoang/.buildozer/android/platform/android-ndk-r17c/sysroot/usr/include/arm-linux-androideabi -D__ANDROID_API__=14 -g -DANDROID -ffunction-sections -funwind-tables -fstack-protector-strong -no-canonical-prefixes -march=armv7-a -mfloat-abi=softfp -mfpu=vfpv3-d16 -mthumb -mfpu=neon -Wa,--noexecstack -Wformat -Werror=format-security  -DINLINE_WORKS -fPIE   -o CMakeFiles/cmTC_a0d37.dir/src.c.o   -c /home/hoang/Schreibtisch/MainApp/src/AppName/.buildozer/android/platform/build-armeabi-v7a/build/other_builds/jpeg/armeabi-v7a__ndk_target_21/jpeg/CMakeFiles/CMakeTmp/src.c
Linking C executable cmTC_a0d37
/snap/cmake/118/bin/cmake -E cmake_link_script CMakeFiles/cmTC_a0d37.dir/link.txt --verbose=1
/home/hoang/.buildozer/android/platform/android-ndk-r17c/toolchains/llvm/prebuilt/linux-x86_64/bin/clang --target=armv7-none-linux-androideabi --gcc-toolchain=/home/hoang/.buildozer/android/platform/android-ndk-r17c/toolchains/arm-linux-androideabi-4.9/prebuilt/linux-x86_64 --sysroot=/home/hoang/.buildozer/android/platform/android-ndk-r17c/sysroot -isystem /home/hoang/.buildozer/android/platform/android-ndk-r17c/sysroot/usr/include/arm-linux-androideabi -D__ANDROID_API__=14 -g -DANDROID -ffunction-sections -funwind-tables -fstack-protector-strong -no-canonical-prefixes -march=armv7-a -mfloat-abi=softfp -mfpu=vfpv3-d16 -mthumb -mfpu=neon -Wa,--noexecstack -Wformat -Werror=format-security  -DINLINE_WORKS  -Wl,--exclude-libs,libgcc.a -Wl,--exclude-libs,libatomic.a -nostdlib++ --sysroot /home/hoang/.buildozer/android/platform/android-ndk-r17c/platforms/android-14/arch-arm -Wl,--build-id -Wl,--warn-shared-textrel -Wl,--fatal-warnings -Wl,--fix-cortex-a8 -Wl,--exclude-libs,libunwind.a -L/home/hoang/.buildozer/android/platform/android-ndk-r17c/sources/cxx-stl/llvm-libc++/libs/armeabi-v7a -Wl,--no-undefined -Wl,-z,noexecstack -Qunused-arguments -Wl,-z,relro -Wl,-z,now -Wl,--gc-sections -Wl,-z,nocopyreloc   CMakeFiles/cmTC_a0d37.dir/src.c.o  -o cmTC_a0d37 -latomic -lm 
make[1]: Verzeichnis „/home/hoang/Schreibtisch/MainApp/src/AppName/.buildozer/android/platform/build-armeabi-v7a/build/other_builds/jpeg/armeabi-v7a__ndk_target_21/jpeg/CMakeFiles/CMakeTmp“ wird verlassen


Source file was:
__inline__ __attribute__((always_inline)) static int foo(void) { return 0; } int main(void) { return foo(); }
Performing C SOURCE FILE Test HAVE_VERSION_SCRIPT succeeded with the following output:
Change Dir: /home/hoang/Schreibtisch/MainApp/src/AppName/.buildozer/android/platform/build-armeabi-v7a/build/other_builds/jpeg/armeabi-v7a__ndk_target_21/jpeg/CMakeFiles/CMakeTmp

Run Build Command(s):/usr/bin/make cmTC_40732/fast && /usr/bin/make -f CMakeFiles/cmTC_40732.dir/build.make CMakeFiles/cmTC_40732.dir/build
make[1]: Verzeichnis „/home/hoang/Schreibtisch/MainApp/src/AppName/.buildozer/android/platform/build-armeabi-v7a/build/other_builds/jpeg/armeabi-v7a__ndk_target_21/jpeg/CMakeFiles/CMakeTmp“ wird betreten
Building C object CMakeFiles/cmTC_40732.dir/src.c.o
/home/hoang/.buildozer/android/platform/android-ndk-r17c/toolchains/llvm/prebuilt/linux-x86_64/bin/clang --target=armv7-none-linux-androideabi --gcc-toolchain=/home/hoang/.buildozer/android/platform/android-ndk-r17c/toolchains/arm-linux-androideabi-4.9/prebuilt/linux-x86_64 --sysroot=/home/hoang/.buildozer/android/platform/android-ndk-r17c/sysroot   -isystem /home/hoang/.buildozer/android/platform/android-ndk-r17c/sysroot/usr/include/arm-linux-androideabi -D__ANDROID_API__=14 -g -DANDROID -ffunction-sections -funwind-tables -fstack-protector-strong -no-canonical-prefixes -march=armv7-a -mfloat-abi=softfp -mfpu=vfpv3-d16 -mthumb -mfpu=neon -Wa,--noexecstack -Wformat -Werror=format-security  -DHAVE_VERSION_SCRIPT -Wl,--version-script,/home/hoang/Schreibtisch/MainApp/src/AppName/.buildozer/android/platform/build-armeabi-v7a/build/other_builds/jpeg/armeabi-v7a__ndk_target_21/jpeg/conftest.map -fPIE   -o CMakeFiles/cmTC_40732.dir/src.c.o   -c /home/hoang/Schreibtisch/MainApp/src/AppName/.buildozer/android/platform/build-armeabi-v7a/build/other_builds/jpeg/armeabi-v7a__ndk_target_21/jpeg/CMakeFiles/CMakeTmp/src.c
clang: warning: -Wl,--version-script,/home/hoang/Schreibtisch/MainApp/src/AppName/.buildozer/android/platform/build-armeabi-v7a/build/other_builds/jpeg/armeabi-v7a__ndk_target_21/jpeg/conftest.map: 'linker' input unused [-Wunused-command-line-argument]
Linking C executable cmTC_40732
/snap/cmake/118/bin/cmake -E cmake_link_script CMakeFiles/cmTC_40732.dir/link.txt --verbose=1
/home/hoang/.buildozer/android/platform/android-ndk-r17c/toolchains/llvm/prebuilt/linux-x86_64/bin/clang --target=armv7-none-linux-androideabi --gcc-toolchain=/home/hoang/.buildozer/android/platform/android-ndk-r17c/toolchains/arm-linux-androideabi-4.9/prebuilt/linux-x86_64 --sysroot=/home/hoang/.buildozer/android/platform/android-ndk-r17c/sysroot -isystem /home/hoang/.buildozer/android/platform/android-ndk-r17c/sysroot/usr/include/arm-linux-androideabi -D__ANDROID_API__=14 -g -DANDROID -ffunction-sections -funwind-tables -fstack-protector-strong -no-canonical-prefixes -march=armv7-a -mfloat-abi=softfp -mfpu=vfpv3-d16 -mthumb -mfpu=neon -Wa,--noexecstack -Wformat -Werror=format-security  -DHAVE_VERSION_SCRIPT -Wl,--version-script,/home/hoang/Schreibtisch/MainApp/src/AppName/.buildozer/android/platform/build-armeabi-v7a/build/other_builds/jpeg/armeabi-v7a__ndk_target_21/jpeg/conftest.map  -Wl,--exclude-libs,libgcc.a -Wl,--exclude-libs,libatomic.a -nostdlib++ --sysroot /home/hoang/.buildozer/android/platform/android-ndk-r17c/platforms/android-14/arch-arm -Wl,--build-id -Wl,--warn-shared-textrel -Wl,--fatal-warnings -Wl,--fix-cortex-a8 -Wl,--exclude-libs,libunwind.a -L/home/hoang/.buildozer/android/platform/android-ndk-r17c/sources/cxx-stl/llvm-libc++/libs/armeabi-v7a -Wl,--no-undefined -Wl,-z,noexecstack -Qunused-arguments -Wl,-z,relro -Wl,-z,now -Wl,--gc-sections -Wl,-z,nocopyreloc   CMakeFiles/cmTC_40732.dir/src.c.o  -o cmTC_40732 -latomic -lm 
make[1]: Verzeichnis „/home/hoang/Schreibtisch/MainApp/src/AppName/.buildozer/android/platform/build-armeabi-v7a/build/other_builds/jpeg/armeabi-v7a__ndk_target_21/jpeg/CMakeFiles/CMakeTmp“ wird verlassen


Source file was:
int main(void) { return 0; }
Checking whether the ASM compiler is Clang using "--version" matched "(clang version)":
Android (4691093 based on r316199) clang version 6.0.2 (https://android.googlesource.com/toolchain/clang 183abd29fc496f55536e7d904e0abae47888fc7f) (https://android.googlesource.com/toolchain/llvm 34361f192e41ed6e4e8f9aca80a4ea7e9856f327) (based on LLVM 6.0.2svn)
Target: x86_64-unknown-linux-gnu
Thread model: posix
InstalledDir: /home/hoang/.buildozer/android/platform/android-ndk-r17c/toolchains/llvm/prebuilt/linux-x86_64/bin
